{"/home/theplague1738/Documents/Learning/job-search/src/components/ActionButton.vue": {"path":"/home/theplague1738/Documents/Learning/job-search/src/components/ActionButton.vue","statementMap":{"0":{"start":{"line":4,"column":0},"end":{"line":6,"column":3}},"1":{"start":{"line":7,"column":0},"end":{"line":7,"column":25}},"2":{"start":{"line":8,"column":15},"end":{"line":31,"column":1}},"3":{"start":{"line":20,"column":8},"end":{"line":20,"column":56}},"4":{"start":{"line":26,"column":6},"end":{"line":28,"column":8}},"5":{"start":{"line":34,"column":0},"end":{"line":34,"column":13}},"6":{"start":{"line":36,"column":0},"end":{"line":38,"column":3}},"7":{"start":{"line":39,"column":0},"end":{"line":39,"column":24}},"8":{"start":{"line":40,"column":11},"end":{"line":40,"column":25}},"9":{"start":{"line":42,"column":2},"end":{"line":44,"column":64}},"10":{"start":{"line":45,"column":2},"end":{"line":45,"column":49}}},"fnMap":{"0":{"name":"(anonymous_0)","decl":{"start":{"line":19,"column":6},"end":{"line":19,"column":7}},"loc":{"start":{"line":19,"column":23},"end":{"line":21,"column":7}},"line":19},"1":{"name":"(anonymous_1)","decl":{"start":{"line":25,"column":4},"end":{"line":25,"column":5}},"loc":{"start":{"line":25,"column":18},"end":{"line":29,"column":5}},"line":25},"2":{"name":"render","decl":{"start":{"line":41,"column":9},"end":{"line":41,"column":15}},"loc":{"start":{"line":41,"column":30},"end":{"line":45,"column":1}},"line":41}},"branchMap":{},"s":{"0":2,"1":2,"2":2,"3":7,"4":2,"5":2,"6":2,"7":2,"8":2,"9":2,"10":2},"f":{"0":7,"1":2,"2":2},"b":{},"inputSourceMap":{"0":"{","1":"\"","2":"v","3":"e","4":"r","5":"s","6":"i","7":"o","8":"n","9":"\"","10":":","11":"3","12":",","13":"\"","14":"s","15":"o","16":"u","17":"r","18":"c","19":"e","20":"s","21":"\"","22":":","23":"[","24":"\"","25":"/","26":"h","27":"o","28":"m","29":"e","30":"/","31":"t","32":"h","33":"e","34":"p","35":"l","36":"a","37":"g","38":"u","39":"e","40":"1","41":"7","42":"3","43":"8","44":"/","45":"D","46":"o","47":"c","48":"u","49":"m","50":"e","51":"n","52":"t","53":"s","54":"/","55":"L","56":"e","57":"a","58":"r","59":"n","60":"i","61":"n","62":"g","63":"/","64":"j","65":"o","66":"b","67":"-","68":"s","69":"e","70":"a","71":"r","72":"c","73":"h","74":"/","75":"s","76":"r","77":"c","78":"/","79":"c","80":"o","81":"m","82":"p","83":"o","84":"n","85":"e","86":"n","87":"t","88":"s","89":"/","90":"A","91":"c","92":"t","93":"i","94":"o","95":"n","96":"B","97":"u","98":"t","99":"t","100":"o","101":"n","102":".","103":"v","104":"u","105":"e","106":"\"","107":"]","108":",","109":"\"","110":"n","111":"a","112":"m","113":"e","114":"s","115":"\"","116":":","117":"[","118":"]","119":",","120":"\"","121":"m","122":"a","123":"p","124":"p","125":"i","126":"n","127":"g","128":"s","129":"\"","130":":","131":"\"","132":";","133":";","134":";","135":";","136":";","137":";","138":";","139":"e","140":"A","141":"O","142":"e","143":";","144":"E","145":"A","146":"C","147":"b","148":",","149":"I","150":"A","151":"A","152":"I","153":",","154":"E","155":"A","156":"A","157":"E","158":",","159":"c","160":"A","161":"A","162":"c","163":";","164":"E","165":"A","166":"C","167":"p","168":"B","169":",","170":"K","171":"A","172":"A","173":"K","174":",","175":"E","176":"A","177":"A","178":"E","179":";","180":"I","181":"A","182":"C","183":"L","184":",","185":"I","186":"A","187":"A","188":"I","189":",","190":"E","191":"A","192":"A","193":"E","194":";","195":"M","196":"A","197":"C","198":"J","199":",","200":"I","201":"A","202":"A","203":"I","204":",","205":"E","206":"A","207":"A","208":"E","209":",","210":"M","211":"A","212":"A","213":"M","214":";","215":"M","216":"A","217":"C","218":"Z","219":",","220":"Q","221":"A","222":"A","223":"Q","224":",","225":"E","226":"A","227":"A","228":"E","229":";","230":"I","231":"A","232":"C","233":"Z","234":",","235":"C","236":"A","237":"A","238":"C","239":";","240":"I","241":"A","242":"C","243":"D","244":",","245":"I","246":"A","247":"A","248":"I","249":",","250":"E","251":"A","252":"A","253":"E","254":";","255":"M","256":"A","257":"C","258":"J","259":",","260":"I","261":"A","262":"A","263":"I","264":",","265":"E","266":"A","267":"A","268":"E","269":",","270":"M","271":"A","272":"A","273":"M","274":";","275":"M","276":"A","277":"C","278":"Z","279":",","280":"Q","281":"A","282":"A","283":"Q","284":",","285":"E","286":"A","287":"A","288":"E","289":",","290":"K","291":"A","292":"A","293":"K","294":";","295":"M","296":"A","297":"C","298":"f","299":",","300":"O","301":"A","302":"A","303":"O","304":",","305":"E","306":"A","307":"A","308":"E","309":",","310":"S","311":"A","312":"A","313":"S","314":";","315":"M","316":"A","317":"C","318":"l","319":"B","320":",","321":"S","322":"A","323":"A","324":"S","325":",","326":"C","327":"A","328":"A","329":"C","330":",","331":"K","332":"A","333":"A","334":"K","335":",","336":"E","337":"A","338":"A","339":"E","340":";","341":"Q","342":"A","343":"C","344":"f","345":",","346":"O","347":"A","348":"A","349":"O","350":",","351":"C","352":"A","353":"A","354":"C","355":",","356":"S","357":"A","358":"A","359":"S","360":",","361":"E","362":"A","363":"A","364":"E","365":",","366":"W","367":"A","368":"A","369":"W","370":",","371":"C","372":"A","373":"A","374":"C","375":",","376":"C","377":"A","378":"A","379":"C","380":",","381":"Q","382":"A","383":"A","384":"Q","385":",","386":"C","387":"A","388":"A","389":"C","390":",","391":"K","392":"A","393":"A","394":"K","395":",","396":"C","397":"A","398":"A","399":"C","400":";","401":"M","402":"A","403":"C","404":"j","405":"D","406":";","407":"I","408":"A","409":"C","410":"F","411":";","412":"E","413":"A","414":"C","415":"F","416":",","417":"C","418":"A","419":"A","420":"C","421":";","422":"E","423":"A","424":"C","425":"D","426":",","427":"Q","428":"A","429":"A","430":"Q","431":",","432":"E","433":"A","434":"A","435":"E","436":";","437":"I","438":"A","439":"C","440":"R","441":",","442":"W","443":"A","444":"A","445":"W","446":",","447":"G","448":"A","449":"A","450":"G","451":";","452":"M","453":"A","454":"C","455":"Z","456":",","457":"O","458":"A","459":"A","460":"O","461":";","462":"Q","463":"A","464":"C","465":"L","466":",","467":"C","468":"A","469":"A","470":"C","471":",","472":"I","473":"A","474":"A","475":"I","476":",","477":"C","478":"A","479":"A","480":"C","481":",","482":"I","483":"A","484":"A","485":"I","486":",","487":"G","488":"A","489":"A","490":"G","491":";","492":"M","493":"A","494":"C","495":"f","496":",","497":"C","498":"A","499":"A","500":"C","501":";","502":"I","503":"A","504":"C","505":"H","506":";","507":"E","508":"A","509":"C","510":"F","511":";","512":"A","513":"A","514":"C","515":"F","516":",","517":"C","518":"A","519":"A","520":"C","521":";","522":"A","523":"A","524":"A","525":"A","526":";","527":"A","528":"A","529":"A","530":"A","531":"\"","532":",","533":"\"","534":"f","535":"i","536":"l","537":"e","538":"\"","539":":","540":"\"","541":"/","542":"h","543":"o","544":"m","545":"e","546":"/","547":"t","548":"h","549":"e","550":"p","551":"l","552":"a","553":"g","554":"u","555":"e","556":"1","557":"7","558":"3","559":"8","560":"/","561":"D","562":"o","563":"c","564":"u","565":"m","566":"e","567":"n","568":"t","569":"s","570":"/","571":"L","572":"e","573":"a","574":"r","575":"n","576":"i","577":"n","578":"g","579":"/","580":"j","581":"o","582":"b","583":"-","584":"s","585":"e","586":"a","587":"r","588":"c","589":"h","590":"/","591":"s","592":"r","593":"c","594":"/","595":"c","596":"o","597":"m","598":"p","599":"o","600":"n","601":"e","602":"n","603":"t","604":"s","605":"/","606":"A","607":"c","608":"t","609":"i","610":"o","611":"n","612":"B","613":"u","614":"t","615":"t","616":"o","617":"n","618":".","619":"v","620":"u","621":"e","622":"\"","623":",","624":"\"","625":"s","626":"o","627":"u","628":"r","629":"c","630":"e","631":"s","632":"C","633":"o","634":"n","635":"t","636":"e","637":"n","638":"t","639":"\"","640":":","641":"[","642":"\"","643":"<","644":"t","645":"e","646":"m","647":"p","648":"l","649":"a","650":"t","651":"e","652":">","653":"\\","654":"n","655":" ","656":" ","657":"<","658":"b","659":"u","660":"t","661":"t","662":"o","663":"n","664":" ","665":":","666":"c","667":"l","668":"a","669":"s","670":"s","671":"=","672":"\\","673":"\"","674":"b","675":"u","676":"t","677":"t","678":"o","679":"n","680":"C","681":"l","682":"a","683":"s","684":"s","685":"\\","686":"\"","687":">","688":"\\","689":"n","690":" ","691":" ","692":" ","693":" ","694":"{","695":"{","696":" ","697":"t","698":"e","699":"x","700":"t","701":" ","702":"}","703":"}","704":"\\","705":"n","706":" ","707":" ","708":"<","709":"/","710":"b","711":"u","712":"t","713":"t","714":"o","715":"n","716":">","717":"\\","718":"n","719":"<","720":"/","721":"t","722":"e","723":"m","724":"p","725":"l","726":"a","727":"t","728":"e","729":">","730":"\\","731":"n","732":"\\","733":"n","734":"<","735":"s","736":"c","737":"r","738":"i","739":"p","740":"t","741":">","742":"\\","743":"n","744":"e","745":"x","746":"p","747":"o","748":"r","749":"t","750":" ","751":"d","752":"e","753":"f","754":"a","755":"u","756":"l","757":"t","758":" ","759":"{","760":"\\","761":"n","762":" ","763":" ","764":"n","765":"a","766":"m","767":"e","768":":","769":" ","770":"\\","771":"\"","772":"A","773":"c","774":"t","775":"i","776":"o","777":"n","778":"B","779":"u","780":"t","781":"t","782":"o","783":"n","784":"\\","785":"\"","786":",","787":"\\","788":"n","789":" ","790":" ","791":"p","792":"r","793":"o","794":"p","795":"s","796":":","797":" ","798":"{","799":"\\","800":"n","801":" ","802":" ","803":" ","804":" ","805":"t","806":"e","807":"x","808":"t","809":":","810":" ","811":"{","812":"\\","813":"n","814":" ","815":" ","816":" ","817":" ","818":" ","819":" ","820":"t","821":"y","822":"p","823":"e","824":":","825":" ","826":"S","827":"t","828":"r","829":"i","830":"n","831":"g","832":",","833":"\\","834":"n","835":" ","836":" ","837":" ","838":" ","839":" ","840":" ","841":"r","842":"e","843":"q","844":"u","845":"i","846":"r","847":"e","848":"d","849":":","850":" ","851":"t","852":"r","853":"u","854":"e","855":",","856":"\\","857":"n","858":" ","859":" ","860":" ","861":" ","862":"}","863":",","864":"\\","865":"n","866":" ","867":" ","868":" ","869":" ","870":"t","871":"y","872":"p","873":"e","874":":","875":" ","876":"{","877":"\\","878":"n","879":" ","880":" ","881":" ","882":" ","883":" ","884":" ","885":"t","886":"y","887":"p","888":"e","889":":","890":" ","891":"S","892":"t","893":"r","894":"i","895":"n","896":"g","897":",","898":"\\","899":"n","900":" ","901":" ","902":" ","903":" ","904":" ","905":" ","906":"r","907":"e","908":"q","909":"u","910":"i","911":"r","912":"e","913":"d","914":":","915":" ","916":"f","917":"a","918":"l","919":"s","920":"e","921":",","922":"\\","923":"n","924":" ","925":" ","926":" ","927":" ","928":" ","929":" ","930":"d","931":"e","932":"f","933":"a","934":"u","935":"l","936":"t","937":":","938":" ","939":"\\","940":"\"","941":"p","942":"r","943":"i","944":"m","945":"a","946":"r","947":"y","948":"\\","949":"\"","950":",","951":"\\","952":"n","953":" ","954":" ","955":" ","956":" ","957":" ","958":" ","959":"v","960":"a","961":"l","962":"i","963":"d","964":"a","965":"t","966":"o","967":"r","968":"(","969":"v","970":"a","971":"l","972":"u","973":"e","974":")","975":" ","976":"{","977":"\\","978":"n","979":" ","980":" ","981":" ","982":" ","983":" ","984":" ","985":" ","986":" ","987":"r","988":"e","989":"t","990":"u","991":"r","992":"n","993":" ","994":"[","995":"\\","996":"\"","997":"p","998":"r","999":"i","1000":"m","1001":"a","1002":"r","1003":"y","1004":"\\","1005":"\"","1006":",","1007":" ","1008":"\\","1009":"\"","1010":"s","1011":"e","1012":"c","1013":"o","1014":"n","1015":"d","1016":"a","1017":"r","1018":"y","1019":"\\","1020":"\"","1021":"]","1022":".","1023":"i","1024":"n","1025":"c","1026":"l","1027":"u","1028":"d","1029":"e","1030":"s","1031":"(","1032":"v","1033":"a","1034":"l","1035":"u","1036":"e","1037":")","1038":";","1039":"\\","1040":"n","1041":" ","1042":" ","1043":" ","1044":" ","1045":" ","1046":" ","1047":"}","1048":",","1049":"\\","1050":"n","1051":" ","1052":" ","1053":" ","1054":" ","1055":"}","1056":",","1057":"\\","1058":"n","1059":" ","1060":" ","1061":"}","1062":",","1063":"\\","1064":"n","1065":" ","1066":" ","1067":"c","1068":"o","1069":"m","1070":"p","1071":"u","1072":"t","1073":"e","1074":"d","1075":":","1076":" ","1077":"{","1078":"\\","1079":"n","1080":" ","1081":" ","1082":" ","1083":" ","1084":"b","1085":"u","1086":"t","1087":"t","1088":"o","1089":"n","1090":"C","1091":"l","1092":"a","1093":"s","1094":"s","1095":"(","1096":")","1097":" ","1098":"{","1099":"\\","1100":"n","1101":" ","1102":" ","1103":" ","1104":" ","1105":" ","1106":" ","1107":"r","1108":"e","1109":"t","1110":"u","1111":"r","1112":"n","1113":" ","1114":"{","1115":"\\","1116":"n","1117":" ","1118":" ","1119":" ","1120":" ","1121":" ","1122":" ","1123":" ","1124":" ","1125":"[","1126":"t","1127":"h","1128":"i","1129":"s","1130":".","1131":"t","1132":"y","1133":"p","1134":"e","1135":"]","1136":":","1137":" ","1138":"t","1139":"r","1140":"u","1141":"e","1142":",","1143":"\\","1144":"n","1145":" ","1146":" ","1147":" ","1148":" ","1149":" ","1150":" ","1151":"}","1152":";","1153":"\\","1154":"n","1155":" ","1156":" ","1157":" ","1158":" ","1159":"}","1160":",","1161":"\\","1162":"n","1163":" ","1164":" ","1165":"}","1166":",","1167":"\\","1168":"n","1169":"}","1170":";","1171":"\\","1172":"n","1173":"<","1174":"/","1175":"s","1176":"c","1177":"r","1178":"i","1179":"p","1180":"t","1181":">","1182":"\\","1183":"n","1184":"\\","1185":"n","1186":"<","1187":"s","1188":"t","1189":"y","1190":"l","1191":"e","1192":" ","1193":"s","1194":"c","1195":"o","1196":"p","1197":"e","1198":"d","1199":">","1200":"\\","1201":"n","1202":"b","1203":"u","1204":"t","1205":"t","1206":"o","1207":"n","1208":" ","1209":"{","1210":"\\","1211":"n","1212":" ","1213":" ","1214":"@","1215":"a","1216":"p","1217":"p","1218":"l","1219":"y","1220":" ","1221":"p","1222":"x","1223":"-","1224":"5","1225":" ","1226":"p","1227":"y","1228":"-","1229":"3","1230":" ","1231":"f","1232":"o","1233":"n","1234":"t","1235":"-","1236":"m","1237":"e","1238":"d","1239":"i","1240":"u","1241":"m","1242":";","1243":"\\","1244":"n","1245":"}","1246":"\\","1247":"n","1248":"\\","1249":"n","1250":".","1251":"p","1252":"r","1253":"i","1254":"m","1255":"a","1256":"r","1257":"y","1258":" ","1259":"{","1260":"\\","1261":"n","1262":" ","1263":" ","1264":"@","1265":"a","1266":"p","1267":"p","1268":"l","1269":"y","1270":" ","1271":"t","1272":"e","1273":"x","1274":"t","1275":"-","1276":"w","1277":"h","1278":"i","1279":"t","1280":"e","1281":" ","1282":"b","1283":"g","1284":"-","1285":"b","1286":"r","1287":"a","1288":"n","1289":"d","1290":"-","1291":"b","1292":"l","1293":"u","1294":"e","1295":"-","1296":"1","1297":" ","1298":"r","1299":"o","1300":"u","1301":"n","1302":"d","1303":"e","1304":"d","1305":" ","1306":"h","1307":"o","1308":"v","1309":"e","1310":"r","1311":":","1312":"s","1313":"h","1314":"a","1315":"d","1316":"o","1317":"w","1318":"-","1319":"b","1320":"l","1321":"u","1322":"e","1323":";","1324":"\\","1325":"n","1326":"}","1327":"\\","1328":"n","1329":".","1330":"s","1331":"e","1332":"c","1333":"o","1334":"n","1335":"d","1336":"a","1337":"r","1338":"y","1339":" ","1340":"{","1341":"\\","1342":"n","1343":" ","1344":" ","1345":"@","1346":"a","1347":"p","1348":"p","1349":"l","1350":"y","1351":" ","1352":"t","1353":"e","1354":"x","1355":"t","1356":"-","1357":"b","1358":"r","1359":"a","1360":"n","1361":"d","1362":"-","1363":"b","1364":"l","1365":"u","1366":"e","1367":"-","1368":"1","1369":" ","1370":"b","1371":"g","1372":"-","1373":"t","1374":"r","1375":"a","1376":"n","1377":"s","1378":"p","1379":"a","1380":"r","1381":"e","1382":"n","1383":"t","1384":" ","1385":"h","1386":"o","1387":"v","1388":"e","1389":"r","1390":":","1391":"b","1392":"g","1393":"-","1394":"b","1395":"r","1396":"a","1397":"n","1398":"d","1399":"-","1400":"b","1401":"l","1402":"u","1403":"e","1404":"-","1405":"2","1406":" ","1407":"h","1408":"o","1409":"v","1410":"e","1411":"r","1412":":","1413":"t","1414":"e","1415":"x","1416":"t","1417":"-","1418":"w","1419":"h","1420":"i","1421":"t","1422":"e","1423":";","1424":"\\","1425":"n","1426":"}","1427":"\\","1428":"n","1429":"<","1430":"/","1431":"s","1432":"t","1433":"y","1434":"l","1435":"e","1436":">","1437":"\\","1438":"n","1439":"\"","1440":"]","1441":"}"},"_coverageSchema":"1a1c01bbd47fc00a2c39e90264f33305004495a9","hash":"04a20cb0b2ed5d1a3c3b4ac5a5a0c3c7d232ecbb"}
,"/home/theplague1738/Documents/Learning/job-search/src/components/Headline.vue": {"path":"/home/theplague1738/Documents/Learning/job-search/src/components/Headline.vue","statementMap":{"0":{"start":{"line":4,"column":29},"end":{"line":4,"column":158}},"1":{"start":{"line":5,"column":0},"end":{"line":7,"column":3}},"2":{"start":{"line":8,"column":0},"end":{"line":8,"column":25}},"3":{"start":{"line":56,"column":0},"end":{"line":56,"column":13}},"4":{"start":{"line":58,"column":0},"end":{"line":60,"column":3}},"5":{"start":{"line":61,"column":0},"end":{"line":61,"column":24}},"6":{"start":{"line":62,"column":11},"end":{"line":62,"column":25}},"7":{"start":{"line":63,"column":19},"end":{"line":65,"column":1}},"8":{"start":{"line":66,"column":19},"end":{"line":69,"column":1}},"9":{"start":{"line":70,"column":32},"end":{"line":70,"column":96}},"10":{"start":{"line":71,"column":32},"end":{"line":73,"column":58}},"11":{"start":{"line":76,"column":2},"end":{"line":78,"column":139}},"12":{"start":{"line":79,"column":2},"end":{"line":79,"column":49}}},"fnMap":{"0":{"name":"render","decl":{"start":{"line":75,"column":9},"end":{"line":75,"column":15}},"loc":{"start":{"line":75,"column":30},"end":{"line":79,"column":1}},"line":75}},"branchMap":{},"s":{"0":1,"1":1,"2":1,"3":1,"4":1,"5":1,"6":1,"7":1,"8":1,"9":1,"10":1,"11":7,"12":1},"f":{"0":7},"b":{},"inputSourceMap":{"0":"{","1":"\"","2":"v","3":"e","4":"r","5":"s","6":"i","7":"o","8":"n","9":"\"","10":":","11":"3","12":",","13":"\"","14":"s","15":"o","16":"u","17":"r","18":"c","19":"e","20":"s","21":"\"","22":":","23":"[","24":"\"","25":"/","26":"h","27":"o","28":"m","29":"e","30":"/","31":"t","32":"h","33":"e","34":"p","35":"l","36":"a","37":"g","38":"u","39":"e","40":"1","41":"7","42":"3","43":"8","44":"/","45":"D","46":"o","47":"c","48":"u","49":"m","50":"e","51":"n","52":"t","53":"s","54":"/","55":"L","56":"e","57":"a","58":"r","59":"n","60":"i","61":"n","62":"g","63":"/","64":"j","65":"o","66":"b","67":"-","68":"s","69":"e","70":"a","71":"r","72":"c","73":"h","74":"/","75":"s","76":"r","77":"c","78":"/","79":"c","80":"o","81":"m","82":"p","83":"o","84":"n","85":"e","86":"n","87":"t","88":"s","89":"/","90":"H","91":"e","92":"a","93":"d","94":"l","95":"i","96":"n","97":"e","98":".","99":"v","100":"u","101":"e","102":"\"","103":"]","104":",","105":"\"","106":"n","107":"a","108":"m","109":"e","110":"s","111":"\"","112":":","113":"[","114":"]","115":",","116":"\"","117":"m","118":"a","119":"p","120":"p","121":"i","122":"n","123":"g","124":"s","125":"\"","126":":","127":"\"","128":";","129":";","130":";","131":";","132":";","133":";","134":";","135":";","136":"A","137":"A","138":"g","139":"B","140":"A","141":";","142":"A","143":"A","144":"A","145":"A","146":";","147":"A","148":"A","149":"A","150":"A","151":";","152":"A","153":"A","154":"A","155":"0","156":"D","157":";","158":"A","159":"A","160":"A","161":"A","162":",","163":"e","164":"A","165":"C","166":"3","167":"C","168":";","169":"E","170":"A","171":"C","172":"b","173":";","174":"E","175":"A","176":"C","177":"A","178":",","179":"I","180":"A","181":"A","182":"I","183":",","184":"E","185":"A","186":"A","187":"E","188":",","189":"U","190":"A","191":"A","192":"U","193":";","194":"E","195":"A","196":"C","197":"h","198":"B","199":",","200":"I","201":"A","202":"A","203":"I","204":",","205":"G","206":"A","207":"A","208":"G","209":";","210":"I","211":"A","212":"C","213":"L","214":",","215":"O","216":"A","217":"A","218":"O","219":";","220":"M","221":"A","222":"C","223":"L","224":",","225":"M","226":"A","227":"A","228":"M","229":",","230":"E","231":"A","232":"A","233":"E","234":",","235":"O","236":"A","237":"A","238":"O","239":";","240":"M","241":"A","242":"C","243":"f","244":",","245":"O","246":"A","247":"A","248":"O","249":",","250":"E","251":"A","252":"A","253":"E","254":",","255":"C","256":"A","257":"A","258":"C","259":",","260":"O","261":"A","262":"A","263":"O","264":",","265":"E","266":"A","267":"A","268":"E","269":",","270":"Q","271":"A","272":"A","273":"Q","274":",","275":"E","276":"A","277":"A","278":"E","279":",","280":"Q","281":"A","282":"A","283":"Q","284":",","285":"E","286":"A","287":"A","288":"E","289":",","290":"M","291":"A","292":"A","293":"M","294":",","295":"E","296":"A","297":"A","298":"E","299":",","300":"M","301":"A","302":"A","303":"M","304":",","305":"C","306":"A","307":"A","308":"C","309":";","310":"M","311":"A","312":"E","313":"t","314":"D","315":",","316":"Q","317":"A","318":"A","319":"Q","320":",","321":"E","322":"A","323":"A","324":"E","325":";","326":"I","327":"A","328":"C","329":"Z","330":",","331":"C","332":"A","333":"A","334":"C","335":";","336":"E","337":"A","338":"C","339":"H","340":",","341":"C","342":"A","343":"A","344":"C","345":";","346":"E","347":"A","348":"C","349":"D","350":",","351":"Q","352":"A","353":"A","354":"Q","355":",","356":"E","357":"A","358":"A","359":"E","360":";","361":"I","362":"A","363":"C","364":"R","365":",","366":"a","367":"A","368":"A","369":"a","370":",","371":"G","372":"A","373":"A","374":"G","375":";","376":"M","377":"A","378":"C","379":"d","380":",","381":"O","382":"A","383":"A","384":"O","385":";","386":"Q","387":"A","388":"C","389":"L","390":",","391":"C","392":"A","393":"A","394":"C","395":",","396":"I","397":"A","398":"A","399":"I","400":",","401":"C","402":"A","403":"A","404":"C","405":",","406":"M","407":"A","408":"A","409":"M","410":",","411":"C","412":"A","413":"A","414":"C","415":",","416":"W","417":"A","418":"A","419":"W","420":",","421":"E","422":"A","423":"A","424":"E","425":",","426":"G","427":"A","428":"A","429":"G","430":";","431":"M","432":"A","433":"C","434":"/","435":"B","436":",","437":"C","438":"A","439":"A","440":"C","441":";","442":"I","443":"A","444":"C","445":"H","446":";","447":"E","448":"A","449":"C","450":"F","451":",","452":"C","453":"A","454":"A","455":"C","456":";","457":"E","458":"A","459":"C","460":"D","461":",","462":"O","463":"A","464":"A","465":"O","466":",","467":"G","468":"A","469":"A","470":"G","471":";","472":"I","473":"A","474":"C","475":"R","476":",","477":"I","478":"A","479":"A","480":"I","481":",","482":"C","483":"A","484":"A","485":"C","486":",","487":"W","488":"A","489":"A","490":"W","491":",","492":"E","493":"A","494":"A","495":"E","496":";","497":"I","498":"A","499":"C","500":"l","501":"B","502":";","503":"E","504":"A","505":"C","506":"F","507":",","508":"C","509":"A","510":"A","511":"C","512":";","513":";","514":"E","515":"A","516":"C","517":"D","518":",","519":"a","520":"A","521":"A","522":"a","523":",","524":"G","525":"A","526":"A","527":"G","528":";","529":"I","530":"A","531":"C","532":"d","533":",","534":"a","535":"A","536":"A","537":"a","538":",","539":"C","540":"A","541":"A","542":"C","543":",","544":"I","545":"A","546":"A","547":"I","548":",","549":"C","550":"A","551":"A","552":"C","553":",","554":"Q","555":"A","556":"A","557":"Q","558":",","559":"C","560":"A","561":"A","562":"C","563":";","564":"E","565":"A","566":"C","567":"9","568":"B","569":",","570":"C","571":"A","572":"A","573":"C","574":";","575":"E","576":"A","577":"C","578":"D","579":",","580":"O","581":"A","582":"A","583":"O","584":",","585":"E","586":"A","587":"A","588":"E","589":";","590":"I","591":"A","592":"C","593":"P","594":",","595":"W","596":"A","597":"A","598":"W","599":",","600":"G","601":"A","602":"A","603":"G","604":";","605":"M","606":"A","607":"C","608":"Z","609":",","610":"I","611":"A","612":"A","613":"I","614":",","615":"C","616":"A","617":"A","618":"C","619":",","620":"Q","621":"A","622":"A","623":"Q","624":",","625":"G","626":"A","627":"A","628":"G","629":",","630":"W","631":"A","632":"A","633":"W","634":",","635":"C","636":"A","637":"A","638":"C","639":",","640":"M","641":"A","642":"A","643":"M","644":";","645":"Q","646":"A","647":"C","648":"h","649":"C","650":";","651":"Q","652":"A","653":"C","654":"A","655":",","656":"I","657":"A","658":"A","659":"I","660":",","661":"C","662":"A","663":"A","664":"C","665":",","666":"M","667":"A","668":"A","669":"M","670":";","671":"Q","672":"A","673":"A","674":"G","675":";","676":"Q","677":"A","678":"A","679":"A","680":";","681":"Q","682":"A","683":"A","684":"A","685":";","686":"Q","687":"A","688":"A","689":"A","690":";","691":"Q","692":"A","693":"A","694":"A","695":";","696":"Q","697":"A","698":"A","699":"A","700":",","701":"O","702":"A","703":"A","704":"i","705":"B","706":",","707":"E","708":"A","709":"A","710":"C","711":",","712":"I","713":"A","714":"A","715":"I","716":",","717":"C","718":"A","719":"A","720":"C","721":",","722":"O","723":"A","724":"A","725":"O","726":",","727":"E","728":"A","729":"A","730":"E","731":",","732":"I","733":"A","734":"A","735":"I","736":",","737":"C","738":"A","739":"A","740":"C","741":",","742":"M","743":"A","744":"A","745":"M","746":",","747":"C","748":"A","749":"A","750":"C","751":";","752":"Q","753":"A","754":"C","755":"1","756":"D","757":";","758":"M","759":"A","760":"C","761":"F","762":",","763":"C","764":"A","765":"A","766":"C","767":",","768":"E","769":"A","770":"A","771":"E","772":",","773":"I","774":"A","775":"A","776":"I","777":",","778":"C","779":"A","780":"A","781":"C","782":";","783":"I","784":"A","785":"C","786":"V","787":";","788":"E","789":"A","790":"C","791":"F","792":";","793":"A","794":"A","795":"C","796":"F","797":",","798":"C","799":"A","800":"A","801":"C","802":";","803":"A","804":"A","805":"A","806":"A","807":";","808":"A","809":"A","810":"A","811":"A","812":"\"","813":",","814":"\"","815":"f","816":"i","817":"l","818":"e","819":"\"","820":":","821":"\"","822":"/","823":"h","824":"o","825":"m","826":"e","827":"/","828":"t","829":"h","830":"e","831":"p","832":"l","833":"a","834":"g","835":"u","836":"e","837":"1","838":"7","839":"3","840":"8","841":"/","842":"D","843":"o","844":"c","845":"u","846":"m","847":"e","848":"n","849":"t","850":"s","851":"/","852":"L","853":"e","854":"a","855":"r","856":"n","857":"i","858":"n","859":"g","860":"/","861":"j","862":"o","863":"b","864":"-","865":"s","866":"e","867":"a","868":"r","869":"c","870":"h","871":"/","872":"s","873":"r","874":"c","875":"/","876":"c","877":"o","878":"m","879":"p","880":"o","881":"n","882":"e","883":"n","884":"t","885":"s","886":"/","887":"H","888":"e","889":"a","890":"d","891":"l","892":"i","893":"n","894":"e","895":".","896":"v","897":"u","898":"e","899":"\"","900":",","901":"\"","902":"s","903":"o","904":"u","905":"r","906":"c","907":"e","908":"s","909":"C","910":"o","911":"n","912":"t","913":"e","914":"n","915":"t","916":"\"","917":":","918":"[","919":"\"","920":"<","921":"!","922":"-","923":"-","924":" ","925":"e","926":"s","927":"l","928":"i","929":"n","930":"t","931":"-","932":"d","933":"i","934":"s","935":"a","936":"b","937":"l","938":"e","939":" ","940":"v","941":"u","942":"e","943":"/","944":"m","945":"u","946":"l","947":"t","948":"i","949":"-","950":"w","951":"o","952":"r","953":"d","954":"-","955":"c","956":"o","957":"m","958":"p","959":"o","960":"n","961":"e","962":"n","963":"t","964":"-","965":"n","966":"a","967":"m","968":"e","969":"s","970":" ","971":"-","972":"-","973":">","974":"\\","975":"n","976":"<","977":"t","978":"e","979":"m","980":"p","981":"l","982":"a","983":"t","984":"e","985":">","986":"\\","987":"n","988":" ","989":" ","990":"<","991":"s","992":"e","993":"c","994":"t","995":"i","996":"o","997":"n","998":" ","999":"c","1000":"l","1001":"a","1002":"s","1003":"s","1004":"=","1005":"\\","1006":"\"","1007":"m","1008":"b","1009":"-","1010":"1","1011":"6","1012":"\\","1013":"\"","1014":">","1015":"\\","1016":"n","1017":" ","1018":" ","1019":" ","1020":" ","1021":"<","1022":"h","1023":"1","1024":"\\","1025":"n","1026":" ","1027":" ","1028":" ","1029":" ","1030":" ","1031":" ","1032":"d","1033":"a","1034":"t","1035":"a","1036":"-","1037":"t","1038":"e","1039":"s","1040":"t","1041":"=","1042":"\\","1043":"\"","1044":"a","1045":"c","1046":"t","1047":"i","1048":"o","1049":"n","1050":"-","1051":"p","1052":"h","1053":"r","1054":"a","1055":"s","1056":"e","1057":"\\","1058":"\"","1059":"\\","1060":"n","1061":" ","1062":" ","1063":" ","1064":" ","1065":" ","1066":" ","1067":"c","1068":"l","1069":"a","1070":"s","1071":"s","1072":"=","1073":"\\","1074":"\"","1075":"f","1076":"o","1077":"n","1078":"t","1079":"-","1080":"b","1081":"o","1082":"l","1083":"d","1084":" ","1085":"t","1086":"r","1087":"a","1088":"c","1089":"k","1090":"i","1091":"n","1092":"g","1093":"-","1094":"t","1095":"i","1096":"g","1097":"h","1098":"t","1099":"e","1100":"r","1101":" ","1102":"t","1103":"e","1104":"x","1105":"t","1106":"-","1107":"8","1108":"x","1109":"l","1110":" ","1111":"m","1112":"b","1113":"-","1114":"1","1115":"4","1116":"\\","1117":"\"","1118":"\\","1119":"n","1120":" ","1121":" ","1122":" ","1123":" ","1124":">","1125":"\\","1126":"n","1127":" ","1128":" ","1129":" ","1130":" ","1131":" ","1132":" ","1133":"<","1134":"s","1135":"p","1136":"a","1137":"n","1138":" ","1139":":","1140":"c","1141":"l","1142":"a","1143":"s","1144":"s","1145":"=","1146":"\\","1147":"\"","1148":"a","1149":"c","1150":"t","1151":"i","1152":"o","1153":"n","1154":"C","1155":"l","1156":"a","1157":"s","1158":"s","1159":"e","1160":"s","1161":"\\","1162":"\"","1163":">","1164":"{","1165":"{","1166":" ","1167":"a","1168":"c","1169":"t","1170":"i","1171":"o","1172":"n","1173":" ","1174":"}","1175":"}","1176":"<","1177":"/","1178":"s","1179":"p","1180":"a","1181":"n","1182":">","1183":"\\","1184":"n","1185":" ","1186":" ","1187":" ","1188":" ","1189":" ","1190":" ","1191":"<","1192":"b","1193":"r","1194":" ","1195":"/","1196":">","1197":"\\","1198":"n","1199":" ","1200":" ","1201":" ","1202":" ","1203":" ","1204":" ","1205":"f","1206":"o","1207":"r","1208":" ","1209":"e","1210":"v","1211":"e","1212":"r","1213":"y","1214":"o","1215":"n","1216":"e","1217":"\\","1218":"n","1219":" ","1220":" ","1221":" ","1222":" ","1223":"<","1224":"/","1225":"h","1226":"1","1227":">","1228":"\\","1229":"n","1230":" ","1231":" ","1232":" ","1233":" ","1234":"<","1235":"h","1236":"2","1237":" ","1238":"c","1239":"l","1240":"a","1241":"s","1242":"s","1243":"=","1244":"\\","1245":"\"","1246":"t","1247":"e","1248":"x","1249":"t","1250":"-","1251":"3","1252":"x","1253":"l","1254":" ","1255":"f","1256":"o","1257":"n","1258":"t","1259":"-","1260":"l","1261":"i","1262":"g","1263":"h","1264":"t","1265":"\\","1266":"\"","1267":">","1268":"F","1269":"i","1270":"n","1271":"d","1272":" ","1273":"y","1274":"o","1275":"u","1276":"r","1277":" ","1278":"n","1279":"e","1280":"x","1281":"t","1282":" ","1283":"j","1284":"o","1285":"b","1286":" ","1287":"a","1288":"t","1289":" ","1290":"S","1291":"h","1292":"i","1293":"p","1294":" ","1295":"H","1296":"a","1297":"p","1298":"p","1299":"e","1300":"n","1301":"s","1302":"<","1303":"/","1304":"h","1305":"2","1306":">","1307":"\\","1308":"n","1309":" ","1310":" ","1311":"<","1312":"/","1313":"s","1314":"e","1315":"c","1316":"t","1317":"i","1318":"o","1319":"n","1320":">","1321":"\\","1322":"n","1323":"<","1324":"/","1325":"t","1326":"e","1327":"m","1328":"p","1329":"l","1330":"a","1331":"t","1332":"e","1333":">","1334":"\\","1335":"n","1336":"\\","1337":"n","1338":"<","1339":"s","1340":"c","1341":"r","1342":"i","1343":"p","1344":"t","1345":">","1346":"\\","1347":"n","1348":"i","1349":"m","1350":"p","1351":"o","1352":"r","1353":"t","1354":" ","1355":"n","1356":"e","1357":"x","1358":"t","1359":"E","1360":"l","1361":"e","1362":"m","1363":"e","1364":"n","1365":"t","1366":"I","1367":"n","1368":"L","1369":"i","1370":"s","1371":"t","1372":" ","1373":"f","1374":"r","1375":"o","1376":"m","1377":" ","1378":"\\","1379":"\"","1380":"@","1381":"/","1382":"u","1383":"t","1384":"i","1385":"l","1386":"s","1387":"/","1388":"n","1389":"e","1390":"x","1391":"t","1392":"E","1393":"l","1394":"e","1395":"m","1396":"e","1397":"n","1398":"t","1399":"I","1400":"n","1401":"L","1402":"i","1403":"s","1404":"t","1405":"\\","1406":"\"","1407":";","1408":"\\","1409":"n","1410":"e","1411":"x","1412":"p","1413":"o","1414":"r","1415":"t","1416":" ","1417":"d","1418":"e","1419":"f","1420":"a","1421":"u","1422":"l","1423":"t","1424":" ","1425":"{","1426":"\\","1427":"n","1428":" ","1429":" ","1430":"/","1431":"/","1432":" ","1433":"e","1434":"s","1435":"l","1436":"i","1437":"n","1438":"t","1439":"-","1440":"d","1441":"i","1442":"s","1443":"a","1444":"b","1445":"l","1446":"e","1447":"-","1448":"n","1449":"e","1450":"x","1451":"t","1452":"-","1453":"l","1454":"i","1455":"n","1456":"e","1457":" ","1458":"v","1459":"u","1460":"e","1461":"/","1462":"m","1463":"u","1464":"l","1465":"t","1466":"i","1467":"-","1468":"w","1469":"o","1470":"r","1471":"d","1472":"-","1473":"c","1474":"o","1475":"m","1476":"p","1477":"o","1478":"n","1479":"e","1480":"n","1481":"t","1482":"-","1483":"n","1484":"a","1485":"m","1486":"e","1487":"s","1488":"\\","1489":"n","1490":" ","1491":" ","1492":"n","1493":"a","1494":"m","1495":"e","1496":":","1497":" ","1498":"\\","1499":"\"","1500":"H","1501":"e","1502":"a","1503":"d","1504":"l","1505":"i","1506":"n","1507":"e","1508":"\\","1509":"\"","1510":",","1511":"\\","1512":"n","1513":" ","1514":" ","1515":"d","1516":"a","1517":"t","1518":"a","1519":"(","1520":")","1521":" ","1522":"{","1523":"\\","1524":"n","1525":" ","1526":" ","1527":" ","1528":" ","1529":"r","1530":"e","1531":"t","1532":"u","1533":"r","1534":"n","1535":" ","1536":"{","1537":"\\","1538":"n","1539":" ","1540":" ","1541":" ","1542":" ","1543":" ","1544":" ","1545":"a","1546":"c","1547":"t","1548":"i","1549":"o","1550":"n","1551":":","1552":" ","1553":"\\","1554":"\"","1555":"B","1556":"u","1557":"i","1558":"l","1559":"d","1560":"\\","1561":"\"","1562":",","1563":"\\","1564":"n","1565":" ","1566":" ","1567":" ","1568":" ","1569":" ","1570":" ","1571":"a","1572":"c","1573":"t","1574":"i","1575":"o","1576":"n","1577":"s","1578":":","1579":" ","1580":"[","1581":"\\","1582":"\"","1583":"B","1584":"u","1585":"i","1586":"l","1587":"d","1588":"\\","1589":"\"","1590":",","1591":" ","1592":"\\","1593":"\"","1594":"C","1595":"r","1596":"e","1597":"a","1598":"t","1599":"e","1600":"\\","1601":"\"","1602":",","1603":" ","1604":"\\","1605":"\"","1606":"D","1607":"e","1608":"s","1609":"i","1610":"g","1611":"n","1612":"\\","1613":"\"","1614":",","1615":" ","1616":"\\","1617":"\"","1618":"C","1619":"o","1620":"d","1621":"e","1622":"\\","1623":"\"","1624":",","1625":" ","1626":"\\","1627":"\"","1628":"G","1629":"o","1630":"o","1631":"d","1632":"\\","1633":"\"","1634":"]","1635":",","1636":"\\","1637":"n","1638":"\\","1639":"n","1640":" ","1641":" ","1642":" ","1643":" ","1644":" ","1645":" ","1646":"i","1647":"n","1648":"t","1649":"e","1650":"r","1651":"v","1652":"a","1653":"l","1654":":","1655":" ","1656":"n","1657":"u","1658":"l","1659":"l","1660":",","1661":"\\","1662":"n","1663":" ","1664":" ","1665":" ","1666":" ","1667":"}","1668":";","1669":"\\","1670":"n","1671":" ","1672":" ","1673":"}","1674":",","1675":"\\","1676":"n","1677":" ","1678":" ","1679":"c","1680":"o","1681":"m","1682":"p","1683":"u","1684":"t","1685":"e","1686":"d","1687":":","1688":" ","1689":"{","1690":"\\","1691":"n","1692":" ","1693":" ","1694":" ","1695":" ","1696":"a","1697":"c","1698":"t","1699":"i","1700":"o","1701":"n","1702":"C","1703":"l","1704":"a","1705":"s","1706":"s","1707":"e","1708":"s","1709":"(","1710":")","1711":" ","1712":"{","1713":"\\","1714":"n","1715":" ","1716":" ","1717":" ","1718":" ","1719":" ","1720":" ","1721":"r","1722":"e","1723":"t","1724":"u","1725":"r","1726":"n","1727":" ","1728":"{","1729":"\\","1730":"n","1731":" ","1732":" ","1733":" ","1734":" ","1735":" ","1736":" ","1737":" ","1738":" ","1739":"[","1740":"t","1741":"h","1742":"i","1743":"s","1744":".","1745":"a","1746":"c","1747":"t","1748":"i","1749":"o","1750":"n","1751":".","1752":"t","1753":"o","1754":"L","1755":"o","1756":"w","1757":"e","1758":"r","1759":"C","1760":"a","1761":"s","1762":"e","1763":"(","1764":")","1765":"]","1766":":","1767":" ","1768":"t","1769":"r","1770":"u","1771":"e","1772":",","1773":"\\","1774":"n","1775":" ","1776":" ","1777":" ","1778":" ","1779":" ","1780":" ","1781":"}","1782":";","1783":"\\","1784":"n","1785":" ","1786":" ","1787":" ","1788":" ","1789":"}","1790":",","1791":"\\","1792":"n","1793":" ","1794":" ","1795":"}","1796":",","1797":"\\","1798":"n","1799":" ","1800":" ","1801":"c","1802":"r","1803":"e","1804":"a","1805":"t","1806":"e","1807":"d","1808":"(","1809":")","1810":" ","1811":"{","1812":"\\","1813":"n","1814":" ","1815":" ","1816":" ","1817":" ","1818":"t","1819":"h","1820":"i","1821":"s","1822":".","1823":"c","1824":"h","1825":"a","1826":"n","1827":"g","1828":"e","1829":"T","1830":"i","1831":"t","1832":"l","1833":"e","1834":"(","1835":")","1836":";","1837":"\\","1838":"n","1839":" ","1840":" ","1841":" ","1842":" ","1843":"/","1844":"/","1845":" ","1846":"c","1847":"o","1848":"n","1849":"s","1850":"o","1851":"l","1852":"e","1853":".","1854":"l","1855":"o","1856":"g","1857":"(","1858":"\\","1859":"\"","1860":"H","1861":"e","1862":"y","1863":",","1864":" ","1865":"I","1866":"'","1867":"v","1868":"e","1869":" ","1870":"b","1871":"e","1872":"e","1873":"n","1874":" ","1875":"c","1876":"r","1877":"e","1878":"a","1879":"t","1880":"e","1881":"d","1882":".","1883":" ","1884":"M","1885":"y","1886":" ","1887":"d","1888":"a","1889":"t","1890":"a","1891":" ","1892":"e","1893":"x","1894":"i","1895":"s","1896":"t","1897":"s","1898":":","1899":" ","1900":"\\","1901":"\"","1902":",","1903":" ","1904":"t","1905":"h","1906":"i","1907":"s","1908":".","1909":"a","1910":"c","1911":"t","1912":"i","1913":"o","1914":"n","1915":")","1916":";","1917":"\\","1918":"n","1919":" ","1920":" ","1921":"}","1922":",","1923":"\\","1924":"n","1925":" ","1926":" ","1927":"b","1928":"e","1929":"f","1930":"o","1931":"r","1932":"e","1933":"U","1934":"n","1935":"m","1936":"o","1937":"u","1938":"n","1939":"t","1940":"(","1941":")","1942":" ","1943":"{","1944":"\\","1945":"n","1946":" ","1947":" ","1948":" ","1949":" ","1950":"c","1951":"l","1952":"e","1953":"a","1954":"r","1955":"I","1956":"n","1957":"t","1958":"e","1959":"r","1960":"v","1961":"a","1962":"l","1963":"(","1964":"t","1965":"h","1966":"i","1967":"s","1968":".","1969":"i","1970":"n","1971":"t","1972":"e","1973":"r","1974":"v","1975":"a","1976":"l","1977":")","1978":";","1979":"\\","1980":"n","1981":" ","1982":" ","1983":"}","1984":",","1985":"\\","1986":"n","1987":" ","1988":" ","1989":"m","1990":"e","1991":"t","1992":"h","1993":"o","1994":"d","1995":"s","1996":":","1997":" ","1998":"{","1999":"\\","2000":"n","2001":" ","2002":" ","2003":" ","2004":" ","2005":"c","2006":"h","2007":"a","2008":"n","2009":"g","2010":"e","2011":"T","2012":"i","2013":"t","2014":"l","2015":"e","2016":"(","2017":")","2018":" ","2019":"{","2020":"\\","2021":"n","2022":" ","2023":" ","2024":" ","2025":" ","2026":" ","2027":" ","2028":"t","2029":"h","2030":"i","2031":"s","2032":".","2033":"i","2034":"n","2035":"t","2036":"e","2037":"r","2038":"v","2039":"a","2040":"l","2041":" ","2042":"=","2043":" ","2044":"s","2045":"e","2046":"t","2047":"I","2048":"n","2049":"t","2050":"e","2051":"r","2052":"v","2053":"a","2054":"l","2055":"(","2056":"(","2057":")","2058":" ","2059":"=","2060":">","2061":" ","2062":"{","2063":"\\","2064":"n","2065":" ","2066":" ","2067":" ","2068":" ","2069":" ","2070":" ","2071":" ","2072":" ","2073":"/","2074":"/","2075":" ","2076":"c","2077":"o","2078":"n","2079":"s","2080":"t","2081":" ","2082":"a","2083":"c","2084":"t","2085":"i","2086":"o","2087":"n","2088":"s","2089":" ","2090":"=","2091":" ","2092":"[","2093":"\\","2094":"\"","2095":"B","2096":"u","2097":"i","2098":"l","2099":"d","2100":"\\","2101":"\"","2102":",","2103":" ","2104":"\\","2105":"\"","2106":"C","2107":"r","2108":"e","2109":"a","2110":"t","2111":"e","2112":"\\","2113":"\"","2114":",","2115":" ","2116":"\\","2117":"\"","2118":"D","2119":"e","2120":"s","2121":"i","2122":"g","2123":"n","2124":"\\","2125":"\"","2126":",","2127":" ","2128":"\\","2129":"\"","2130":"C","2131":"o","2132":"d","2133":"e","2134":"\\","2135":"\"","2136":"]","2137":";","2138":"\\","2139":"n","2140":" ","2141":" ","2142":" ","2143":" ","2144":" ","2145":" ","2146":" ","2147":" ","2148":"t","2149":"h","2150":"i","2151":"s","2152":".","2153":"a","2154":"c","2155":"t","2156":"i","2157":"o","2158":"n","2159":" ","2160":"=","2161":" ","2162":"n","2163":"e","2164":"x","2165":"t","2166":"E","2167":"l","2168":"e","2169":"m","2170":"e","2171":"n","2172":"t","2173":"I","2174":"n","2175":"L","2176":"i","2177":"s","2178":"t","2179":"(","2180":"t","2181":"h","2182":"i","2183":"s","2184":".","2185":"a","2186":"c","2187":"t","2188":"i","2189":"o","2190":"n","2191":"s","2192":",","2193":" ","2194":"t","2195":"h","2196":"i","2197":"s","2198":".","2199":"a","2200":"c","2201":"t","2202":"i","2203":"o","2204":"n","2205":")","2206":";","2207":"\\","2208":"n","2209":" ","2210":" ","2211":" ","2212":" ","2213":" ","2214":" ","2215":" ","2216":" ","2217":"/","2218":"/","2219":" ","2220":"c","2221":"o","2222":"n","2223":"s","2224":"o","2225":"l","2226":"e","2227":".","2228":"l","2229":"o","2230":"g","2231":"(","2232":"\\","2233":"\"","2234":"R","2235":"u","2236":"n","2237":"n","2238":"i","2239":"n","2240":"g","2241":"\\","2242":"\"","2243":",","2244":" ","2245":"t","2246":"h","2247":"i","2248":"s","2249":".","2250":"a","2251":"c","2252":"t","2253":"i","2254":"o","2255":"n","2256":")","2257":";","2258":"\\","2259":"n","2260":" ","2261":" ","2262":" ","2263":" ","2264":" ","2265":" ","2266":"}","2267":",","2268":" ","2269":"3","2270":"0","2271":"0","2272":"0","2273":")","2274":";","2275":"\\","2276":"n","2277":" ","2278":" ","2279":" ","2280":" ","2281":"}","2282":",","2283":"\\","2284":"n","2285":" ","2286":" ","2287":"}","2288":",","2289":"\\","2290":"n","2291":"}","2292":";","2293":"\\","2294":"n","2295":"<","2296":"/","2297":"s","2298":"c","2299":"r","2300":"i","2301":"p","2302":"t","2303":">","2304":"\\","2305":"n","2306":"\\","2307":"n","2308":"<","2309":"s","2310":"t","2311":"y","2312":"l","2313":"e","2314":" ","2315":"s","2316":"c","2317":"o","2318":"p","2319":"e","2320":"d","2321":">","2322":"\\","2323":"n","2324":".","2325":"b","2326":"u","2327":"i","2328":"l","2329":"d","2330":" ","2331":"{","2332":"\\","2333":"n","2334":" ","2335":" ","2336":"c","2337":"o","2338":"l","2339":"o","2340":"r","2341":":","2342":" ","2343":"#","2344":"1","2345":"a","2346":"7","2347":"3","2348":"e","2349":"8","2350":";","2351":"\\","2352":"n","2353":"}","2354":"\\","2355":"n","2356":".","2357":"c","2358":"r","2359":"e","2360":"a","2361":"t","2362":"e","2363":" ","2364":"{","2365":"\\","2366":"n","2367":" ","2368":" ","2369":"c","2370":"o","2371":"l","2372":"o","2373":"r","2374":":","2375":" ","2376":"#","2377":"3","2378":"4","2379":"a","2380":"8","2381":"5","2382":"3","2383":";","2384":"\\","2385":"n","2386":"}","2387":"\\","2388":"n","2389":".","2390":"d","2391":"e","2392":"s","2393":"i","2394":"g","2395":"n","2396":" ","2397":"{","2398":"\\","2399":"n","2400":" ","2401":" ","2402":"c","2403":"o","2404":"l","2405":"o","2406":"r","2407":":","2408":" ","2409":"#","2410":"f","2411":"9","2412":"a","2413":"b","2414":"0","2415":"0","2416":";","2417":"\\","2418":"n","2419":"}","2420":"\\","2421":"n","2422":"\\","2423":"n","2424":".","2425":"c","2426":"o","2427":"d","2428":"e","2429":" ","2430":"{","2431":"\\","2432":"n","2433":" ","2434":" ","2435":"c","2436":"o","2437":"l","2438":"o","2439":"r","2440":":","2441":" ","2442":"#","2443":"d","2444":"9","2445":"3","2446":"0","2447":"2","2448":"5","2449":";","2450":"\\","2451":"n","2452":"}","2453":"\\","2454":"n","2455":"\\","2456":"n","2457":".","2458":"g","2459":"o","2460":"o","2461":"d","2462":" ","2463":"{","2464":"\\","2465":"n","2466":" ","2467":" ","2468":"c","2469":"o","2470":"l","2471":"o","2472":"r","2473":":","2474":" ","2475":"#","2476":"0","2477":"d","2478":"6","2479":"8","2480":"9","2481":"2","2482":";","2483":"\\","2484":"n","2485":"}","2486":"\\","2487":"n","2488":"<","2489":"/","2490":"s","2491":"t","2492":"y","2493":"l","2494":"e","2495":">","2496":"\\","2497":"n","2498":"\"","2499":"]","2500":"}"},"_coverageSchema":"1a1c01bbd47fc00a2c39e90264f33305004495a9","hash":"5b3d3caa4899881ddc6e1a5a6701d68d00f3b32b"}
,"/home/theplague1738/Documents/Learning/job-search/src/components/MainNav.vue": {"path":"/home/theplague1738/Documents/Learning/job-search/src/components/MainNav.vue","statementMap":{"0":{"start":{"line":4,"column":29},"end":{"line":4,"column":158}},"1":{"start":{"line":5,"column":0},"end":{"line":7,"column":3}},"2":{"start":{"line":8,"column":0},"end":{"line":8,"column":25}},"3":{"start":{"line":62,"column":0},"end":{"line":62,"column":13}},"4":{"start":{"line":64,"column":0},"end":{"line":66,"column":3}},"5":{"start":{"line":67,"column":0},"end":{"line":67,"column":24}},"6":{"start":{"line":68,"column":11},"end":{"line":68,"column":25}},"7":{"start":{"line":69,"column":19},"end":{"line":71,"column":1}},"8":{"start":{"line":72,"column":19},"end":{"line":74,"column":1}},"9":{"start":{"line":75,"column":19},"end":{"line":75,"column":27}},"10":{"start":{"line":76,"column":19},"end":{"line":78,"column":1}},"11":{"start":{"line":79,"column":19},"end":{"line":81,"column":1}},"12":{"start":{"line":82,"column":19},"end":{"line":85,"column":1}},"13":{"start":{"line":86,"column":19},"end":{"line":88,"column":1}},"14":{"start":{"line":90,"column":34},"end":{"line":90,"column":76}},"15":{"start":{"line":91,"column":34},"end":{"line":91,"column":76}},"16":{"start":{"line":92,"column":28},"end":{"line":92,"column":64}},"17":{"start":{"line":93,"column":2},"end":{"line":115,"column":70}},"18":{"start":{"line":99,"column":4},"end":{"line":103,"column":107}},"19":{"start":{"line":116,"column":2},"end":{"line":116,"column":49}}},"fnMap":{"0":{"name":"render","decl":{"start":{"line":89,"column":9},"end":{"line":89,"column":15}},"loc":{"start":{"line":89,"column":30},"end":{"line":116,"column":1}},"line":89},"1":{"name":"(anonymous_1)","decl":{"start":{"line":98,"column":292},"end":{"line":98,"column":293}},"loc":{"start":{"line":98,"column":304},"end":{"line":104,"column":3}},"line":98}},"branchMap":{"0":{"loc":{"start":{"line":104,"column":87},"end":{"line":112,"column":39}},"type":"cond-expr","locations":[{"start":{"line":104,"column":106},"end":{"line":107,"column":4}},{"start":{"line":107,"column":9},"end":{"line":112,"column":38}}],"line":104},"1":{"loc":{"start":{"line":112,"column":45},"end":{"line":115,"column":50}},"type":"cond-expr","locations":[{"start":{"line":112,"column":64},"end":{"line":115,"column":4}},{"start":{"line":115,"column":8},"end":{"line":115,"column":50}}],"line":112}},"s":{"0":1,"1":1,"2":1,"3":1,"4":1,"5":1,"6":1,"7":1,"8":1,"9":1,"10":1,"11":1,"12":1,"13":1,"14":7,"15":7,"16":7,"17":7,"18":42,"19":1},"f":{"0":7,"1":42},"b":{"0":[2,5],"1":[2,5]},"inputSourceMap":{"0":"{","1":"\"","2":"v","3":"e","4":"r","5":"s","6":"i","7":"o","8":"n","9":"\"","10":":","11":"3","12":",","13":"\"","14":"s","15":"o","16":"u","17":"r","18":"c","19":"e","20":"s","21":"\"","22":":","23":"[","24":"\"","25":"/","26":"h","27":"o","28":"m","29":"e","30":"/","31":"t","32":"h","33":"e","34":"p","35":"l","36":"a","37":"g","38":"u","39":"e","40":"1","41":"7","42":"3","43":"8","44":"/","45":"D","46":"o","47":"c","48":"u","49":"m","50":"e","51":"n","52":"t","53":"s","54":"/","55":"L","56":"e","57":"a","58":"r","59":"n","60":"i","61":"n","62":"g","63":"/","64":"j","65":"o","66":"b","67":"-","68":"s","69":"e","70":"a","71":"r","72":"c","73":"h","74":"/","75":"s","76":"r","77":"c","78":"/","79":"c","80":"o","81":"m","82":"p","83":"o","84":"n","85":"e","86":"n","87":"t","88":"s","89":"/","90":"M","91":"a","92":"i","93":"n","94":"N","95":"a","96":"v","97":".","98":"v","99":"u","100":"e","101":"\"","102":"]","103":",","104":"\"","105":"n","106":"a","107":"m","108":"e","109":"s","110":"\"","111":":","112":"[","113":"]","114":",","115":"\"","116":"m","117":"a","118":"p","119":"p","120":"i","121":"n","122":"g","123":"s","124":"\"","125":":","126":"\"","127":";","128":";","129":";","130":";","131":";","132":";","133":";","134":";","135":"A","136":"A","137":"w","138":"C","139":"A","140":";","141":"A","142":"A","143":"A","144":"A","145":";","146":"A","147":"A","148":"A","149":"A","150":";","151":"A","152":"A","153":"C","154":"A","155":";","156":"A","157":"A","158":"A","159":"A","160":";","161":"A","162":"A","163":"A","164":"A","165":";","166":"A","167":"A","168":"C","169":"A","170":";","171":"A","172":"A","173":"A","174":"A","175":";","176":"A","177":"A","178":"A","179":"A","180":";","181":"A","182":"A","183":"A","184":"y","185":"C","186":";","187":"A","188":"A","189":"A","190":"A","191":",","192":"e","193":"A","194":"C","195":"1","196":"B","197":";","198":"E","199":"A","200":"C","201":"b","202":",","203":"I","204":"A","205":"A","206":"I","207":",","208":"E","209":"A","210":"A","211":"E","212":",","213":"S","214":"A","215":"A","216":"S","217":";","218":"E","219":"A","220":"C","221":"f","222":",","223":"U","224":"A","225":"A","226":"U","227":",","228":"E","229":"A","230":"A","231":"E","232":";","233":"I","234":"A","235":"C","236":"V","237":",","238":"Y","239":"A","240":"A","241":"Y","242":";","243":"I","244":"A","245":"A","246":"Z","247":";","248":"I","249":"A","250":"A","251":"A","252":";","253":"I","254":"A","255":"A","256":"A","257":";","258":"I","259":"A","260":"A","261":"A","262":",","263":"O","264":"A","265":"A","266":"Y","267":";","268":"I","269":"A","270":"C","271":"Z","272":",","273":"Y","274":"A","275":"A","276":"Y","277":";","278":"I","279":"A","280":"A","281":"Z","282":";","283":"I","284":"A","285":"A","286":"A","287":";","288":"I","289":"A","290":"A","291":"A","292":";","293":"I","294":"A","295":"A","296":"A","297":",","298":"O","299":"A","300":"A","301":"Y","302":";","303":"I","304":"A","305":"C","306":"Z","307":",","308":"M","309":"A","310":"A","311":"M","312":";","313":"I","314":"A","315":"A","316":"N","317":";","318":"I","319":"A","320":"A","321":"A","322":";","323":"I","324":"A","325":"A","326":"A","327":";","328":"I","329":"A","330":"A","331":"A","332":";","333":"E","334":"A","335":"C","336":"F","337":",","338":"C","339":"A","340":"A","341":"C","342":";","343":"E","344":"A","345":"C","346":"D","347":",","348":"I","349":"A","350":"A","351":"I","352":",","353":"G","354":"A","355":"A","356":"G","357":";","358":"I","359":"A","360":"C","361":"L","362":",","363":"O","364":"A","365":"A","366":"O","367":";","368":"M","369":"A","370":"C","371":"L","372":",","373":"O","374":"A","375":"A","376":"O","377":",","378":"E","379":"A","380":"A","381":"E","382":",","383":"c","384":"A","385":"A","386":"c","387":";","388":"M","389":"A","390":"C","391":"v","392":"B","393":",","394":"G","395":"A","396":"A","397":"G","398":",","399":"E","400":"A","401":"A","402":"E","403":",","404":"4","405":"B","406":"A","407":"A","408":"4","409":"B","410":";","411":"M","412":"A","413":"C","414":"j","415":"C","416":",","417":"S","418":"A","419":"A","420":"S","421":",","422":"E","423":"A","424":"A","425":"E","426":",","427":"C","428":"A","429":"C","430":"T","431":",","432":"O","433":"A","434":"A","435":"O","436":",","437":"E","438":"A","439":"C","440":"P","441":",","442":"W","443":"A","444":"A","445":"W","446":",","447":"E","448":"A","449":"C","450":"X","451":",","452":"s","453":"B","454":"A","455":"A","456":"s","457":"B","458":",","459":"E","460":"A","461":"C","462":"t","463":"B","464":",","465":"a","466":"A","467":"A","468":"a","469":",","470":"E","471":"A","472":"C","473":"b","474":",","475":"U","476":"A","477":"A","478":"U","479":",","480":"E","481":"A","482":"C","483":"V","484":",","485":"M","486":"A","487":"A","488":"M","489":",","490":"C","491":"A","492":"C","493":"P","494":";","495":"M","496":"A","497":"C","498":"D","499":",","500":"U","501":"A","502":"A","503":"U","504":",","505":"E","506":"A","507":"A","508":"E","509":";","510":"I","511":"A","512":"C","513":"d","514":",","515":"C","516":"A","517":"A","518":"C","519":";","520":"E","521":"A","522":"C","523":"H","524":",","525":"C","526":"A","527":"A","528":"C","529":";","530":"E","531":"A","532":"C","533":"D","534":",","535":"Q","536":"A","537":"A","538":"Q","539":",","540":"E","541":"A","542":"A","543":"E","544":";","545":"I","546":"A","547":"C","548":"R","549":",","550":"i","551":"B","552":"A","553":"A","554":"i","555":"B","556":",","557":"G","558":"A","559":"A","560":"G","561":";","562":"M","563":"A","564":"C","565":"l","566":"B","567":",","568":"O","569":"A","570":"A","571":"O","572":";","573":"Q","574":"A","575":"C","576":"L","577":",","578":"M","579":"A","580":"A","581":"M","582":",","583":"E","584":"A","585":"A","586":"E","587":",","588":"C","589":"A","590":"A","591":"C","592":",","593":"I","594":"A","595":"A","596":"I","597":",","598":"C","599":"A","600":"A","601":"C","602":",","603":"U","604":"A","605":"A","606":"U","607":";","608":"Q","609":"A","610":"C","611":"x","612":"B","613":",","614":"M","615":"A","616":"A","617":"M","618":",","619":"E","620":"A","621":"A","622":"E","623":",","624":"I","625":"A","626":"A","627":"I","628":",","629":"C","630":"A","631":"A","632":"C","633":";","634":"M","635":"A","636":"C","637":"f","638":",","639":"C","640":"A","641":"A","642":"C","643":";","644":"I","645":"A","646":"C","647":"H","648":";","649":"E","650":"A","651":"C","652":"F","653":",","654":"C","655":"A","656":"A","657":"C","658":";","659":"E","660":"A","661":"C","662":"D","663":",","664":"O","665":"A","666":"A","667":"O","668":",","669":"E","670":"A","671":"A","672":"E","673":";","674":"I","675":"A","676":"C","677":"P","678":",","679":"S","680":"A","681":"A","682":"S","683":",","684":"G","685":"A","686":"A","687":"G","688":";","689":"M","690":"A","691":"C","692":"V","693":",","694":"I","695":"A","696":"A","697":"I","698":",","699":"C","700":"A","701":"A","702":"C","703":",","704":"U","705":"A","706":"A","707":"U","708":",","709":"G","710":"A","711":"A","712":"G","713":",","714":"C","715":"A","716":"A","717":"C","718":",","719":"I","720":"A","721":"A","722":"I","723":",","724":"C","725":"A","726":"A","727":"C","728":",","729":"U","730":"A","731":"A","732":"U","733":";","734":"I","735":"A","736":"C","737":"p","738":"C","739":";","740":"E","741":"A","742":"C","743":"F","744":";","745":"A","746":"A","747":"C","748":"F","749":",","750":"C","751":"A","752":"A","753":"C","754":";","755":"A","756":"A","757":"A","758":"A","759":";","760":"A","761":"A","762":"A","763":"A","764":"\"","765":",","766":"\"","767":"f","768":"i","769":"l","770":"e","771":"\"","772":":","773":"\"","774":"/","775":"h","776":"o","777":"m","778":"e","779":"/","780":"t","781":"h","782":"e","783":"p","784":"l","785":"a","786":"g","787":"u","788":"e","789":"1","790":"7","791":"3","792":"8","793":"/","794":"D","795":"o","796":"c","797":"u","798":"m","799":"e","800":"n","801":"t","802":"s","803":"/","804":"L","805":"e","806":"a","807":"r","808":"n","809":"i","810":"n","811":"g","812":"/","813":"j","814":"o","815":"b","816":"-","817":"s","818":"e","819":"a","820":"r","821":"c","822":"h","823":"/","824":"s","825":"r","826":"c","827":"/","828":"c","829":"o","830":"m","831":"p","832":"o","833":"n","834":"e","835":"n","836":"t","837":"s","838":"/","839":"M","840":"a","841":"i","842":"n","843":"N","844":"a","845":"v","846":".","847":"v","848":"u","849":"e","850":"\"","851":",","852":"\"","853":"s","854":"o","855":"u","856":"r","857":"c","858":"e","859":"s","860":"C","861":"o","862":"n","863":"t","864":"e","865":"n","866":"t","867":"\"","868":":","869":"[","870":"\"","871":"<","872":"t","873":"e","874":"m","875":"p","876":"l","877":"a","878":"t","879":"e","880":">","881":"\\","882":"n","883":" ","884":" ","885":"<","886":"h","887":"e","888":"a","889":"d","890":"e","891":"r","892":" ","893":":","894":"c","895":"l","896":"a","897":"s","898":"s","899":"=","900":"\\","901":"\"","902":"[","903":"'","904":"w","905":"-","906":"f","907":"u","908":"l","909":"l","910":"'","911":",","912":" ","913":"'","914":"t","915":"e","916":"x","917":"t","918":"-","919":"s","920":"m","921":"'","922":",","923":" ","924":"h","925":"e","926":"a","927":"d","928":"e","929":"r","930":"H","931":"e","932":"i","933":"g","934":"h","935":"t","936":"C","937":"l","938":"a","939":"s","940":"s","941":"]","942":"\\","943":"\"","944":">","945":"\\","946":"n","947":" ","948":" ","949":" ","950":" ","951":"<","952":"d","953":"i","954":"v","955":" ","956":"c","957":"l","958":"a","959":"s","960":"s","961":"=","962":"\\","963":"\"","964":"f","965":"i","966":"x","967":"e","968":"d","969":" ","970":"t","971":"o","972":"p","973":"-","974":"0","975":" ","976":"l","977":"e","978":"f","979":"t","980":"-","981":"0","982":" ","983":"w","984":"-","985":"f","986":"u","987":"l","988":"l","989":" ","990":"h","991":"-","992":"1","993":"6","994":" ","995":"b","996":"g","997":"-","998":"w","999":"h","1000":"i","1001":"t","1002":"e","1003":"\\","1004":"\"","1005":">","1006":"\\","1007":"n","1008":" ","1009":" ","1010":" ","1011":" ","1012":" ","1013":" ","1014":"<","1015":"d","1016":"i","1017":"v","1018":"\\","1019":"n","1020":" ","1021":" ","1022":" ","1023":" ","1024":" ","1025":" ","1026":" ","1027":" ","1028":"c","1029":"l","1030":"a","1031":"s","1032":"s","1033":"=","1034":"\\","1035":"\"","1036":"f","1037":"l","1038":"e","1039":"x","1040":" ","1041":"h","1042":"-","1043":"f","1044":"u","1045":"l","1046":"l","1047":" ","1048":"p","1049":"x","1050":"-","1051":"8","1052":" ","1053":"m","1054":"x","1055":"-","1056":"a","1057":"u","1058":"t","1059":"o","1060":" ","1061":"b","1062":"o","1063":"r","1064":"d","1065":"e","1066":"r","1067":"-","1068":"b","1069":" ","1070":"b","1071":"o","1072":"r","1073":"d","1074":"e","1075":"r","1076":"-","1077":"s","1078":"o","1079":"l","1080":"i","1081":"d","1082":" ","1083":"f","1084":"l","1085":"e","1086":"x","1087":"-","1088":"n","1089":"o","1090":"w","1091":"r","1092":"a","1093":"p","1094":" ","1095":"b","1096":"o","1097":"r","1098":"d","1099":"e","1100":"r","1101":"-","1102":"b","1103":"r","1104":"a","1105":"n","1106":"d","1107":"-","1108":"g","1109":"r","1110":"a","1111":"y","1112":"-","1113":"1","1114":"\\","1115":"\"","1116":"\\","1117":"n","1118":" ","1119":" ","1120":" ","1121":" ","1122":" ","1123":" ","1124":">","1125":"\\","1126":"n","1127":" ","1128":" ","1129":" ","1130":" ","1131":" ","1132":" ","1133":" ","1134":" ","1135":"<","1136":"a","1137":" ","1138":":","1139":"h","1140":"r","1141":"e","1142":"f","1143":"=","1144":"\\","1145":"\"","1146":"u","1147":"r","1148":"l","1149":"\\","1150":"\"","1151":" ","1152":"c","1153":"l","1154":"a","1155":"s","1156":"s","1157":"=","1158":"\\","1159":"\"","1160":"f","1161":"l","1162":"e","1163":"x","1164":" ","1165":"i","1166":"t","1167":"e","1168":"m","1169":"s","1170":"-","1171":"c","1172":"e","1173":"n","1174":"t","1175":"e","1176":"r","1177":" ","1178":"h","1179":"-","1180":"f","1181":"u","1182":"l","1183":"l","1184":" ","1185":"t","1186":"e","1187":"x","1188":"t","1189":"-","1190":"x","1191":"l","1192":"\\","1193":"\"","1194":">","1195":"{","1196":"{","1197":"\\","1198":"n","1199":" ","1200":" ","1201":" ","1202":" ","1203":" ","1204":" ","1205":" ","1206":" ","1207":" ","1208":" ","1209":"c","1210":"o","1211":"m","1212":"p","1213":"a","1214":"n","1215":"y","1216":"\\","1217":"n","1218":" ","1219":" ","1220":" ","1221":" ","1222":" ","1223":" ","1224":" ","1225":" ","1226":"}","1227":"}","1228":"<","1229":"/","1230":"a","1231":">","1232":"\\","1233":"n","1234":"\\","1235":"n","1236":" ","1237":" ","1238":" ","1239":" ","1240":" ","1241":" ","1242":" ","1243":" ","1244":"<","1245":"n","1246":"a","1247":"v","1248":" ","1249":"c","1250":"l","1251":"a","1252":"s","1253":"s","1254":"=","1255":"\\","1256":"\"","1257":"h","1258":"-","1259":"f","1260":"u","1261":"l","1262":"l","1263":" ","1264":"m","1265":"l","1266":"-","1267":"1","1268":"2","1269":"\\","1270":"\"","1271":">","1272":"\\","1273":"n","1274":" ","1275":" ","1276":" ","1277":" ","1278":" ","1279":" ","1280":" ","1281":" ","1282":" ","1283":" ","1284":"<","1285":"u","1286":"l","1287":" ","1288":"c","1289":"l","1290":"a","1291":"s","1292":"s","1293":"=","1294":"\\","1295":"\"","1296":"f","1297":"l","1298":"e","1299":"x","1300":" ","1301":"h","1302":"-","1303":"f","1304":"u","1305":"l","1306":"l","1307":" ","1308":"p","1309":"-","1310":"0","1311":" ","1312":"m","1313":"-","1314":"0","1315":" ","1316":"l","1317":"i","1318":"s","1319":"t","1320":"-","1321":"n","1322":"o","1323":"n","1324":"e","1325":"\\","1326":"\"","1327":">","1328":"\\","1329":"n","1330":" ","1331":" ","1332":" ","1333":" ","1334":" ","1335":" ","1336":" ","1337":" ","1338":" ","1339":" ","1340":" ","1341":" ","1342":"<","1343":"l","1344":"i","1345":"\\","1346":"n","1347":" ","1348":" ","1349":" ","1350":" ","1351":" ","1352":" ","1353":" ","1354":" ","1355":" ","1356":" ","1357":" ","1358":" ","1359":" ","1360":" ","1361":"v","1362":"-","1363":"f","1364":"o","1365":"r","1366":"=","1367":"\\","1368":"\"","1369":"m","1370":"e","1371":"n","1372":"u","1373":"I","1374":"t","1375":"e","1376":"m","1377":" ","1378":"i","1379":"n","1380":" ","1381":"m","1382":"e","1383":"n","1384":"u","1385":"I","1386":"t","1387":"e","1388":"m","1389":"s","1390":"\\","1391":"\"","1392":"\\","1393":"n","1394":" ","1395":" ","1396":" ","1397":" ","1398":" ","1399":" ","1400":" ","1401":" ","1402":" ","1403":" ","1404":" ","1405":" ","1406":" ","1407":" ","1408":":","1409":"k","1410":"e","1411":"y","1412":"=","1413":"\\","1414":"\"","1415":"m","1416":"e","1417":"n","1418":"u","1419":"I","1420":"t","1421":"e","1422":"m","1423":"\\","1424":"\"","1425":"\\","1426":"n","1427":" ","1428":" ","1429":" ","1430":" ","1431":" ","1432":" ","1433":" ","1434":" ","1435":" ","1436":" ","1437":" ","1438":" ","1439":" ","1440":" ","1441":"d","1442":"a","1443":"t","1444":"a","1445":"-","1446":"t","1447":"e","1448":"s","1449":"t","1450":"=","1451":"\\","1452":"\"","1453":"m","1454":"a","1455":"i","1456":"n","1457":"-","1458":"n","1459":"a","1460":"v","1461":"-","1462":"l","1463":"i","1464":"s","1465":"t","1466":"-","1467":"i","1468":"t","1469":"e","1470":"m","1471":"\\","1472":"\"","1473":"\\","1474":"n","1475":" ","1476":" ","1477":" ","1478":" ","1479":" ","1480":" ","1481":" ","1482":" ","1483":" ","1484":" ","1485":" ","1486":" ","1487":" ","1488":" ","1489":"c","1490":"l","1491":"a","1492":"s","1493":"s","1494":"=","1495":"\\","1496":"\"","1497":"h","1498":"-","1499":"f","1500":"u","1501":"l","1502":"l","1503":" ","1504":"m","1505":"l","1506":"-","1507":"9","1508":" ","1509":"f","1510":"i","1511":"r","1512":"s","1513":"t","1514":":","1515":"m","1516":"l","1517":"-","1518":"0","1519":"\\","1520":"\"","1521":"\\","1522":"n","1523":" ","1524":" ","1525":" ","1526":" ","1527":" ","1528":" ","1529":" ","1530":" ","1531":" ","1532":" ","1533":" ","1534":" ","1535":">","1536":"\\","1537":"n","1538":" ","1539":" ","1540":" ","1541":" ","1542":" ","1543":" ","1544":" ","1545":" ","1546":" ","1547":" ","1548":" ","1549":" ","1550":" ","1551":" ","1552":"<","1553":"a","1554":" ","1555":"h","1556":"r","1557":"e","1558":"f","1559":"=","1560":"\\","1561":"\"","1562":"\\","1563":"\"","1564":" ","1565":"c","1566":"l","1567":"a","1568":"s","1569":"s","1570":"=","1571":"\\","1572":"\"","1573":"f","1574":"l","1575":"e","1576":"x","1577":" ","1578":"i","1579":"t","1580":"e","1581":"m","1582":"s","1583":"-","1584":"c","1585":"e","1586":"n","1587":"t","1588":"e","1589":"r","1590":" ","1591":"h","1592":"-","1593":"f","1594":"u","1595":"l","1596":"l","1597":" ","1598":"p","1599":"y","1600":"-","1601":"2","1602":".","1603":"5","1604":"\\","1605":"\"","1606":">","1607":"{","1608":"{","1609":"\\","1610":"n","1611":" ","1612":" ","1613":" ","1614":" ","1615":" ","1616":" ","1617":" ","1618":" ","1619":" ","1620":" ","1621":" ","1622":" ","1623":" ","1624":" ","1625":" ","1626":" ","1627":"m","1628":"e","1629":"n","1630":"u","1631":"I","1632":"t","1633":"e","1634":"m","1635":"\\","1636":"n","1637":" ","1638":" ","1639":" ","1640":" ","1641":" ","1642":" ","1643":" ","1644":" ","1645":" ","1646":" ","1647":" ","1648":" ","1649":" ","1650":" ","1651":"}","1652":"}","1653":"<","1654":"/","1655":"a","1656":">","1657":"\\","1658":"n","1659":" ","1660":" ","1661":" ","1662":" ","1663":" ","1664":" ","1665":" ","1666":" ","1667":" ","1668":" ","1669":" ","1670":" ","1671":"<","1672":"/","1673":"l","1674":"i","1675":">","1676":"\\","1677":"n","1678":" ","1679":" ","1680":" ","1681":" ","1682":" ","1683":" ","1684":" ","1685":" ","1686":" ","1687":" ","1688":"<","1689":"/","1690":"u","1691":"l","1692":">","1693":"\\","1694":"n","1695":" ","1696":" ","1697":" ","1698":" ","1699":" ","1700":" ","1701":" ","1702":" ","1703":"<","1704":"/","1705":"n","1706":"a","1707":"v","1708":">","1709":"\\","1710":"n","1711":" ","1712":" ","1713":" ","1714":" ","1715":" ","1716":" ","1717":" ","1718":" ","1719":"<","1720":"d","1721":"i","1722":"v","1723":" ","1724":"c","1725":"l","1726":"a","1727":"s","1728":"s","1729":"=","1730":"\\","1731":"\"","1732":"f","1733":"l","1734":"e","1735":"x","1736":" ","1737":"i","1738":"t","1739":"e","1740":"m","1741":"s","1742":"-","1743":"c","1744":"e","1745":"n","1746":"t","1747":"e","1748":"r","1749":" ","1750":"h","1751":"-","1752":"f","1753":"u","1754":"l","1755":"l","1756":" ","1757":"m","1758":"l","1759":"-","1760":"a","1761":"u","1762":"t","1763":"o","1764":"\\","1765":"\"","1766":">","1767":"\\","1768":"n","1769":" ","1770":" ","1771":" ","1772":" ","1773":" ","1774":" ","1775":" ","1776":" ","1777":" ","1778":" ","1779":"<","1780":"P","1781":"r","1782":"o","1783":"f","1784":"i","1785":"l","1786":"e","1787":"I","1788":"m","1789":"a","1790":"g","1791":"e","1792":" ","1793":"v","1794":"-","1795":"i","1796":"f","1797":"=","1798":"\\","1799":"\"","1800":"i","1801":"s","1802":"L","1803":"o","1804":"g","1805":"g","1806":"e","1807":"d","1808":"I","1809":"n","1810":"\\","1811":"\"","1812":" ","1813":"d","1814":"a","1815":"t","1816":"a","1817":"-","1818":"t","1819":"e","1820":"s","1821":"t","1822":"=","1823":"\\","1824":"\"","1825":"p","1826":"r","1827":"o","1828":"f","1829":"i","1830":"l","1831":"e","1832":"-","1833":"i","1834":"m","1835":"a","1836":"g","1837":"e","1838":"\\","1839":"\"","1840":" ","1841":"/","1842":">","1843":"\\","1844":"n","1845":" ","1846":" ","1847":" ","1848":" ","1849":" ","1850":" ","1851":" ","1852":" ","1853":" ","1854":" ","1855":"<","1856":"A","1857":"c","1858":"t","1859":"i","1860":"o","1861":"n","1862":"B","1863":"u","1864":"t","1865":"t","1866":"o","1867":"n","1868":"\\","1869":"n","1870":" ","1871":" ","1872":" ","1873":" ","1874":" ","1875":" ","1876":" ","1877":" ","1878":" ","1879":" ","1880":" ","1881":" ","1882":"v","1883":"-","1884":"e","1885":"l","1886":"s","1887":"e","1888":"\\","1889":"n","1890":" ","1891":" ","1892":" ","1893":" ","1894":" ","1895":" ","1896":" ","1897":" ","1898":" ","1899":" ","1900":" ","1901":" ","1902":"d","1903":"a","1904":"t","1905":"a","1906":"-","1907":"t","1908":"e","1909":"s","1910":"t","1911":"=","1912":"\\","1913":"\"","1914":"l","1915":"o","1916":"g","1917":"i","1918":"n","1919":"-","1920":"b","1921":"u","1922":"t","1923":"t","1924":"o","1925":"n","1926":"\\","1927":"\"","1928":"\\","1929":"n","1930":" ","1931":" ","1932":" ","1933":" ","1934":" ","1935":" ","1936":" ","1937":" ","1938":" ","1939":" ","1940":" ","1941":" ","1942":"t","1943":"e","1944":"x","1945":"t","1946":"=","1947":"\\","1948":"\"","1949":"S","1950":"i","1951":"g","1952":"n","1953":" ","1954":"I","1955":"n","1956":"\\","1957":"\"","1958":"\\","1959":"n","1960":" ","1961":" ","1962":" ","1963":" ","1964":" ","1965":" ","1966":" ","1967":" ","1968":" ","1969":" ","1970":" ","1971":" ","1972":"@","1973":"c","1974":"l","1975":"i","1976":"c","1977":"k","1978":"=","1979":"\\","1980":"\"","1981":"l","1982":"o","1983":"g","1984":"i","1985":"n","1986":"U","1987":"s","1988":"e","1989":"r","1990":"\\","1991":"\"","1992":"\\","1993":"n","1994":" ","1995":" ","1996":" ","1997":" ","1998":" ","1999":" ","2000":" ","2001":" ","2002":" ","2003":" ","2004":"/","2005":">","2006":"\\","2007":"n","2008":" ","2009":" ","2010":" ","2011":" ","2012":" ","2013":" ","2014":" ","2015":" ","2016":"<","2017":"/","2018":"d","2019":"i","2020":"v","2021":">","2022":"\\","2023":"n","2024":" ","2025":" ","2026":" ","2027":" ","2028":" ","2029":" ","2030":"<","2031":"/","2032":"d","2033":"i","2034":"v","2035":">","2036":"\\","2037":"n","2038":" ","2039":" ","2040":" ","2041":" ","2042":" ","2043":" ","2044":"<","2045":"S","2046":"u","2047":"b","2048":"N","2049":"a","2050":"v","2051":" ","2052":"v","2053":"-","2054":"i","2055":"f","2056":"=","2057":"\\","2058":"\"","2059":"i","2060":"s","2061":"L","2062":"o","2063":"g","2064":"g","2065":"e","2066":"d","2067":"I","2068":"n","2069":"\\","2070":"\"","2071":" ","2072":"d","2073":"a","2074":"t","2075":"a","2076":"-","2077":"t","2078":"e","2079":"s","2080":"t","2081":"=","2082":"\\","2083":"\"","2084":"s","2085":"u","2086":"b","2087":"n","2088":"a","2089":"v","2090":"\\","2091":"\"","2092":" ","2093":"/","2094":">","2095":"\\","2096":"n","2097":" ","2098":" ","2099":" ","2100":" ","2101":"<","2102":"/","2103":"d","2104":"i","2105":"v","2106":">","2107":"\\","2108":"n","2109":" ","2110":" ","2111":"<","2112":"/","2113":"h","2114":"e","2115":"a","2116":"d","2117":"e","2118":"r","2119":">","2120":"\\","2121":"n","2122":"<","2123":"/","2124":"t","2125":"e","2126":"m","2127":"p","2128":"l","2129":"a","2130":"t","2131":"e","2132":">","2133":"\\","2134":"n","2135":"\\","2136":"n","2137":"<","2138":"s","2139":"c","2140":"r","2141":"i","2142":"p","2143":"t","2144":">","2145":"\\","2146":"n","2147":"i","2148":"m","2149":"p","2150":"o","2151":"r","2152":"t","2153":" ","2154":"A","2155":"c","2156":"t","2157":"i","2158":"o","2159":"n","2160":"B","2161":"u","2162":"t","2163":"t","2164":"o","2165":"n","2166":" ","2167":"f","2168":"r","2169":"o","2170":"m","2171":" ","2172":"\\","2173":"\"","2174":"@","2175":"/","2176":"c","2177":"o","2178":"m","2179":"p","2180":"o","2181":"n","2182":"e","2183":"n","2184":"t","2185":"s","2186":"/","2187":"A","2188":"c","2189":"t","2190":"i","2191":"o","2192":"n","2193":"B","2194":"u","2195":"t","2196":"t","2197":"o","2198":"n","2199":"\\","2200":"\"","2201":";","2202":"\\","2203":"n","2204":"i","2205":"m","2206":"p","2207":"o","2208":"r","2209":"t","2210":" ","2211":"P","2212":"r","2213":"o","2214":"f","2215":"i","2216":"l","2217":"e","2218":"I","2219":"m","2220":"a","2221":"g","2222":"e","2223":" ","2224":"f","2225":"r","2226":"o","2227":"m","2228":" ","2229":"\\","2230":"\"","2231":"@","2232":"/","2233":"c","2234":"o","2235":"m","2236":"p","2237":"o","2238":"n","2239":"e","2240":"n","2241":"t","2242":"s","2243":"/","2244":"P","2245":"r","2246":"o","2247":"f","2248":"i","2249":"l","2250":"e","2251":"I","2252":"m","2253":"a","2254":"g","2255":"e","2256":"\\","2257":"\"","2258":";","2259":"\\","2260":"n","2261":"i","2262":"m","2263":"p","2264":"o","2265":"r","2266":"t","2267":" ","2268":"S","2269":"u","2270":"b","2271":"N","2272":"a","2273":"v","2274":" ","2275":"f","2276":"r","2277":"o","2278":"m","2279":" ","2280":"\\","2281":"\"","2282":"@","2283":"/","2284":"c","2285":"o","2286":"m","2287":"p","2288":"o","2289":"n","2290":"e","2291":"n","2292":"t","2293":"s","2294":"/","2295":"S","2296":"u","2297":"b","2298":"N","2299":"a","2300":"v","2301":"\\","2302":"\"","2303":";","2304":"\\","2305":"n","2306":"e","2307":"x","2308":"p","2309":"o","2310":"r","2311":"t","2312":" ","2313":"d","2314":"e","2315":"f","2316":"a","2317":"u","2318":"l","2319":"t","2320":" ","2321":"{","2322":"\\","2323":"n","2324":" ","2325":" ","2326":"n","2327":"a","2328":"m","2329":"e","2330":":","2331":" ","2332":"\\","2333":"\"","2334":"M","2335":"a","2336":"i","2337":"n","2338":"N","2339":"a","2340":"v","2341":"\\","2342":"\"","2343":",","2344":"\\","2345":"n","2346":" ","2347":" ","2348":"c","2349":"o","2350":"m","2351":"p","2352":"o","2353":"n","2354":"e","2355":"n","2356":"t","2357":"s","2358":":","2359":" ","2360":"{","2361":"\\","2362":"n","2363":" ","2364":" ","2365":" ","2366":" ","2367":"A","2368":"c","2369":"t","2370":"i","2371":"o","2372":"n","2373":"B","2374":"u","2375":"t","2376":"t","2377":"o","2378":"n","2379":",","2380":"\\","2381":"n","2382":" ","2383":" ","2384":" ","2385":" ","2386":"P","2387":"r","2388":"o","2389":"f","2390":"i","2391":"l","2392":"e","2393":"I","2394":"m","2395":"a","2396":"g","2397":"e","2398":",","2399":"\\","2400":"n","2401":" ","2402":" ","2403":" ","2404":" ","2405":"S","2406":"u","2407":"b","2408":"N","2409":"a","2410":"v","2411":",","2412":"\\","2413":"n","2414":" ","2415":" ","2416":"}","2417":",","2418":"\\","2419":"n","2420":" ","2421":" ","2422":"d","2423":"a","2424":"t","2425":"a","2426":"(","2427":")","2428":" ","2429":"{","2430":"\\","2431":"n","2432":" ","2433":" ","2434":" ","2435":" ","2436":"r","2437":"e","2438":"t","2439":"u","2440":"r","2441":"n","2442":" ","2443":"{","2444":"\\","2445":"n","2446":" ","2447":" ","2448":" ","2449":" ","2450":" ","2451":" ","2452":"c","2453":"o","2454":"m","2455":"p","2456":"a","2457":"n","2458":"y","2459":":","2460":" ","2461":"\\","2462":"\"","2463":"S","2464":"h","2465":"i","2466":"p","2467":" ","2468":"H","2469":"a","2470":"p","2471":"p","2472":"e","2473":"n","2474":"s","2475":"\\","2476":"\"","2477":",","2478":"\\","2479":"n","2480":" ","2481":" ","2482":" ","2483":" ","2484":" ","2485":" ","2486":"u","2487":"r","2488":"l","2489":":","2490":" ","2491":"\\","2492":"\"","2493":"h","2494":"t","2495":"t","2496":"p","2497":"s","2498":":","2499":"/","2500":"/","2501":"c","2502":"a","2503":"r","2504":"e","2505":"e","2506":"r","2507":"s","2508":".","2509":"g","2510":"o","2511":"o","2512":"g","2513":"l","2514":"e","2515":".","2516":"c","2517":"o","2518":"m","2519":"\\","2520":"\"","2521":",","2522":"\\","2523":"n","2524":" ","2525":" ","2526":" ","2527":" ","2528":" ","2529":" ","2530":"m","2531":"e","2532":"n","2533":"u","2534":"I","2535":"t","2536":"e","2537":"m","2538":"s","2539":":","2540":" ","2541":"[","2542":"\\","2543":"n","2544":" ","2545":" ","2546":" ","2547":" ","2548":" ","2549":" ","2550":" ","2551":" ","2552":"\\","2553":"\"","2554":"T","2555":"e","2556":"a","2557":"m","2558":"s","2559":"\\","2560":"\"","2561":",","2562":"\\","2563":"n","2564":" ","2565":" ","2566":" ","2567":" ","2568":" ","2569":" ","2570":" ","2571":" ","2572":"\\","2573":"\"","2574":"L","2575":"o","2576":"c","2577":"a","2578":"t","2579":"i","2580":"o","2581":"n","2582":"s","2583":"\\","2584":"\"","2585":",","2586":"\\","2587":"n","2588":" ","2589":" ","2590":" ","2591":" ","2592":" ","2593":" ","2594":" ","2595":" ","2596":"\\","2597":"\"","2598":"L","2599":"i","2600":"f","2601":"e","2602":" ","2603":"a","2604":"t","2605":" ","2606":"S","2607":"h","2608":"i","2609":"p","2610":" ","2611":"H","2612":"a","2613":"p","2614":"p","2615":"e","2616":"n","2617":"s","2618":"\\","2619":"\"","2620":",","2621":"\\","2622":"n","2623":" ","2624":" ","2625":" ","2626":" ","2627":" ","2628":" ","2629":" ","2630":" ","2631":"\\","2632":"\"","2633":"H","2634":"o","2635":"w","2636":" ","2637":"w","2638":"e","2639":" ","2640":"h","2641":"i","2642":"r","2643":"e","2644":"\\","2645":"\"","2646":",","2647":"\\","2648":"n","2649":" ","2650":" ","2651":" ","2652":" ","2653":" ","2654":" ","2655":" ","2656":" ","2657":"\\","2658":"\"","2659":"S","2660":"t","2661":"u","2662":"d","2663":"e","2664":"n","2665":"t","2666":"s","2667":"\\","2668":"\"","2669":",","2670":"\\","2671":"n","2672":" ","2673":" ","2674":" ","2675":" ","2676":" ","2677":" ","2678":" ","2679":" ","2680":"\\","2681":"\"","2682":"J","2683":"o","2684":"b","2685":"s","2686":"\\","2687":"\"","2688":",","2689":"\\","2690":"n","2691":" ","2692":" ","2693":" ","2694":" ","2695":" ","2696":" ","2697":"]","2698":",","2699":"\\","2700":"n","2701":" ","2702":" ","2703":" ","2704":" ","2705":" ","2706":" ","2707":"i","2708":"s","2709":"L","2710":"o","2711":"g","2712":"g","2713":"e","2714":"d","2715":"I","2716":"n","2717":":","2718":" ","2719":"f","2720":"a","2721":"l","2722":"s","2723":"e","2724":",","2725":"\\","2726":"n","2727":" ","2728":" ","2729":" ","2730":" ","2731":"}","2732":";","2733":"\\","2734":"n","2735":" ","2736":" ","2737":"}","2738":",","2739":"\\","2740":"n","2741":" ","2742":" ","2743":"c","2744":"o","2745":"m","2746":"p","2747":"u","2748":"t","2749":"e","2750":"d","2751":":","2752":" ","2753":"{","2754":"\\","2755":"n","2756":" ","2757":" ","2758":" ","2759":" ","2760":"h","2761":"e","2762":"a","2763":"d","2764":"e","2765":"r","2766":"H","2767":"e","2768":"i","2769":"g","2770":"h","2771":"t","2772":"C","2773":"l","2774":"a","2775":"s","2776":"s","2777":"(","2778":")","2779":" ","2780":"{","2781":"\\","2782":"n","2783":" ","2784":" ","2785":" ","2786":" ","2787":" ","2788":" ","2789":"r","2790":"e","2791":"t","2792":"u","2793":"r","2794":"n","2795":" ","2796":"{","2797":"\\","2798":"n","2799":" ","2800":" ","2801":" ","2802":" ","2803":" ","2804":" ","2805":" ","2806":" ","2807":"\\","2808":"\"","2809":"h","2810":"-","2811":"1","2812":"6","2813":"\\","2814":"\"","2815":":","2816":" ","2817":"!","2818":"t","2819":"h","2820":"i","2821":"s","2822":".","2823":"i","2824":"s","2825":"L","2826":"o","2827":"g","2828":"g","2829":"e","2830":"d","2831":"I","2832":"n","2833":",","2834":"\\","2835":"n","2836":" ","2837":" ","2838":" ","2839":" ","2840":" ","2841":" ","2842":" ","2843":" ","2844":"\\","2845":"\"","2846":"h","2847":"-","2848":"3","2849":"2","2850":"\\","2851":"\"","2852":":","2853":" ","2854":"t","2855":"h","2856":"i","2857":"s","2858":".","2859":"i","2860":"s","2861":"L","2862":"o","2863":"g","2864":"g","2865":"e","2866":"d","2867":"I","2868":"n","2869":",","2870":"\\","2871":"n","2872":" ","2873":" ","2874":" ","2875":" ","2876":" ","2877":" ","2878":"}","2879":";","2880":"\\","2881":"n","2882":" ","2883":" ","2884":" ","2885":" ","2886":"}","2887":",","2888":"\\","2889":"n","2890":" ","2891":" ","2892":"}","2893":",","2894":"\\","2895":"n","2896":" ","2897":" ","2898":"m","2899":"e","2900":"t","2901":"h","2902":"o","2903":"d","2904":"s","2905":":","2906":" ","2907":"{","2908":"\\","2909":"n","2910":" ","2911":" ","2912":" ","2913":" ","2914":"l","2915":"o","2916":"g","2917":"i","2918":"n","2919":"U","2920":"s","2921":"e","2922":"r","2923":"(","2924":")","2925":" ","2926":"{","2927":"\\","2928":"n","2929":" ","2930":" ","2931":" ","2932":" ","2933":" ","2934":" ","2935":"t","2936":"h","2937":"i","2938":"s","2939":".","2940":"i","2941":"s","2942":"L","2943":"o","2944":"g","2945":"g","2946":"e","2947":"d","2948":"I","2949":"n","2950":" ","2951":"=","2952":" ","2953":"!","2954":"t","2955":"h","2956":"i","2957":"s","2958":".","2959":"i","2960":"s","2961":"L","2962":"o","2963":"g","2964":"g","2965":"e","2966":"d","2967":"I","2968":"n","2969":";","2970":"\\","2971":"n","2972":" ","2973":" ","2974":" ","2975":" ","2976":"}","2977":",","2978":"\\","2979":"n","2980":" ","2981":" ","2982":"}","2983":",","2984":"\\","2985":"n","2986":"}","2987":";","2988":"\\","2989":"n","2990":"<","2991":"/","2992":"s","2993":"c","2994":"r","2995":"i","2996":"p","2997":"t","2998":">","2999":"\\","3000":"n","3001":"\"","3002":"]","3003":"}"},"_coverageSchema":"1a1c01bbd47fc00a2c39e90264f33305004495a9","hash":"e530c0639b2979dbfbddf30dc0a629f8b85357ae"}
,"/home/theplague1738/Documents/Learning/job-search/src/components/ProfileImage.vue": {"path":"/home/theplague1738/Documents/Learning/job-search/src/components/ProfileImage.vue","statementMap":{"0":{"start":{"line":4,"column":0},"end":{"line":6,"column":3}},"1":{"start":{"line":7,"column":0},"end":{"line":7,"column":25}},"2":{"start":{"line":8,"column":15},"end":{"line":15,"column":1}},"3":{"start":{"line":11,"column":4},"end":{"line":13,"column":6}},"4":{"start":{"line":18,"column":0},"end":{"line":18,"column":13}},"5":{"start":{"line":20,"column":0},"end":{"line":22,"column":3}},"6":{"start":{"line":23,"column":0},"end":{"line":23,"column":24}},"7":{"start":{"line":24,"column":11},"end":{"line":24,"column":25}},"8":{"start":{"line":25,"column":19},"end":{"line":25,"column":26}},"9":{"start":{"line":27,"column":2},"end":{"line":30,"column":38}},"10":{"start":{"line":31,"column":2},"end":{"line":31,"column":49}}},"fnMap":{"0":{"name":"(anonymous_0)","decl":{"start":{"line":10,"column":2},"end":{"line":10,"column":3}},"loc":{"start":{"line":10,"column":9},"end":{"line":14,"column":3}},"line":10},"1":{"name":"render","decl":{"start":{"line":26,"column":9},"end":{"line":26,"column":15}},"loc":{"start":{"line":26,"column":30},"end":{"line":31,"column":1}},"line":26}},"branchMap":{},"s":{"0":2,"1":2,"2":2,"3":1,"4":2,"5":2,"6":2,"7":2,"8":2,"9":1,"10":2},"f":{"0":1,"1":1},"b":{},"inputSourceMap":{"0":"{","1":"\"","2":"v","3":"e","4":"r","5":"s","6":"i","7":"o","8":"n","9":"\"","10":":","11":"3","12":",","13":"\"","14":"s","15":"o","16":"u","17":"r","18":"c","19":"e","20":"s","21":"\"","22":":","23":"[","24":"\"","25":"/","26":"h","27":"o","28":"m","29":"e","30":"/","31":"t","32":"h","33":"e","34":"p","35":"l","36":"a","37":"g","38":"u","39":"e","40":"1","41":"7","42":"3","43":"8","44":"/","45":"D","46":"o","47":"c","48":"u","49":"m","50":"e","51":"n","52":"t","53":"s","54":"/","55":"L","56":"e","57":"a","58":"r","59":"n","60":"i","61":"n","62":"g","63":"/","64":"j","65":"o","66":"b","67":"-","68":"s","69":"e","70":"a","71":"r","72":"c","73":"h","74":"/","75":"s","76":"r","77":"c","78":"/","79":"c","80":"o","81":"m","82":"p","83":"o","84":"n","85":"e","86":"n","87":"t","88":"s","89":"/","90":"P","91":"r","92":"o","93":"f","94":"i","95":"l","96":"e","97":"I","98":"m","99":"a","100":"g","101":"e","102":".","103":"v","104":"u","105":"e","106":"\"","107":"]","108":",","109":"\"","110":"n","111":"a","112":"m","113":"e","114":"s","115":"\"","116":":","117":"[","118":"]","119":",","120":"\"","121":"m","122":"a","123":"p","124":"p","125":"i","126":"n","127":"g","128":"s","129":"\"","130":":","131":"\"","132":";","133":";","134":";","135":";","136":";","137":";","138":";","139":"e","140":"A","141":"K","142":"e","143":";","144":"E","145":"A","146":"C","147":"b","148":",","149":"I","150":"A","151":"A","152":"I","153":",","154":"E","155":"A","156":"A","157":"E","158":",","159":"c","160":"A","161":"A","162":"c","163":";","164":"E","165":"A","166":"C","167":"p","168":"B","169":",","170":"I","171":"A","172":"A","173":"I","174":",","175":"G","176":"A","177":"A","178":"G","179":";","180":"I","181":"A","182":"C","183":"L","184":",","185":"O","186":"A","187":"A","188":"O","189":";","190":"M","191":"A","192":"C","193":"L","194":",","195":"S","196":"A","197":"A","198":"S","199":",","200":"E","201":"A","202":"C","203":"P","204":";","205":"I","206":"A","207":"C","208":"J","209":",","210":"C","211":"A","212":"A","213":"C","214":";","215":"E","216":"A","217":"C","218":"H","219":";","220":"A","221":"A","222":"C","223":"F","224":",","225":"C","226":"A","227":"A","228":"C","229":";","230":"A","231":"A","232":"A","233":"A","234":";","235":"A","236":"A","237":"A","238":"A","239":"\"","240":",","241":"\"","242":"f","243":"i","244":"l","245":"e","246":"\"","247":":","248":"\"","249":"/","250":"h","251":"o","252":"m","253":"e","254":"/","255":"t","256":"h","257":"e","258":"p","259":"l","260":"a","261":"g","262":"u","263":"e","264":"1","265":"7","266":"3","267":"8","268":"/","269":"D","270":"o","271":"c","272":"u","273":"m","274":"e","275":"n","276":"t","277":"s","278":"/","279":"L","280":"e","281":"a","282":"r","283":"n","284":"i","285":"n","286":"g","287":"/","288":"j","289":"o","290":"b","291":"-","292":"s","293":"e","294":"a","295":"r","296":"c","297":"h","298":"/","299":"s","300":"r","301":"c","302":"/","303":"c","304":"o","305":"m","306":"p","307":"o","308":"n","309":"e","310":"n","311":"t","312":"s","313":"/","314":"P","315":"r","316":"o","317":"f","318":"i","319":"l","320":"e","321":"I","322":"m","323":"a","324":"g","325":"e","326":".","327":"v","328":"u","329":"e","330":"\"","331":",","332":"\"","333":"s","334":"o","335":"u","336":"r","337":"c","338":"e","339":"s","340":"C","341":"o","342":"n","343":"t","344":"e","345":"n","346":"t","347":"\"","348":":","349":"[","350":"\"","351":"<","352":"t","353":"e","354":"m","355":"p","356":"l","357":"a","358":"t","359":"e","360":">","361":"\\","362":"n","363":" ","364":" ","365":"<","366":"i","367":"m","368":"g","369":" ","370":":","371":"s","372":"r","373":"c","374":"=","375":"\\","376":"\"","377":"i","378":"m","379":"a","380":"g","381":"e","382":"L","383":"i","384":"n","385":"k","386":"\\","387":"\"","388":" ","389":"c","390":"l","391":"a","392":"s","393":"s","394":"=","395":"\\","396":"\"","397":"o","398":"b","399":"j","400":"e","401":"c","402":"t","403":"-","404":"c","405":"o","406":"n","407":"t","408":"a","409":"i","410":"n","411":" ","412":"w","413":"-","414":"8","415":" ","416":"h","417":"-","418":"8","419":" ","420":"r","421":"o","422":"u","423":"n","424":"d","425":"e","426":"d","427":"-","428":"3","429":"x","430":"l","431":"\\","432":"\"","433":" ","434":"/","435":">","436":"\\","437":"n","438":"<","439":"/","440":"t","441":"e","442":"m","443":"p","444":"l","445":"a","446":"t","447":"e","448":">","449":"\\","450":"n","451":"\\","452":"n","453":"<","454":"s","455":"c","456":"r","457":"i","458":"p","459":"t","460":">","461":"\\","462":"n","463":"e","464":"x","465":"p","466":"o","467":"r","468":"t","469":" ","470":"d","471":"e","472":"f","473":"a","474":"u","475":"l","476":"t","477":" ","478":"{","479":"\\","480":"n","481":" ","482":" ","483":"n","484":"a","485":"m","486":"e","487":":","488":" ","489":"\\","490":"\"","491":"P","492":"r","493":"o","494":"f","495":"i","496":"l","497":"e","498":"I","499":"m","500":"a","501":"g","502":"e","503":"\\","504":"\"","505":",","506":"\\","507":"n","508":" ","509":" ","510":"d","511":"a","512":"t","513":"a","514":"(","515":")","516":" ","517":"{","518":"\\","519":"n","520":" ","521":" ","522":" ","523":" ","524":"r","525":"e","526":"t","527":"u","528":"r","529":"n","530":" ","531":"{","532":"\\","533":"n","534":" ","535":" ","536":" ","537":" ","538":" ","539":" ","540":"i","541":"m","542":"a","543":"g","544":"e","545":"L","546":"i","547":"n","548":"k","549":":","550":"\\","551":"n","552":" ","553":" ","554":" ","555":" ","556":" ","557":" ","558":" ","559":" ","560":"\\","561":"\"","562":"h","563":"t","564":"t","565":"p","566":"s","567":":","568":"/","569":"/","570":"w","571":"w","572":"w","573":".","574":"p","575":"n","576":"g","577":"i","578":"t","579":"e","580":"m","581":".","582":"c","583":"o","584":"m","585":"/","586":"p","587":"i","588":"m","589":"g","590":"s","591":"/","592":"m","593":"/","594":"4","595":"8","596":"7","597":"-","598":"4","599":"8","600":"7","601":"6","602":"4","603":"1","604":"7","605":"_","606":"l","607":"i","608":"n","609":"k","610":"-","611":"h","612":"e","613":"a","614":"d","615":"-","616":"p","617":"n","618":"g","619":"-","620":"t","621":"o","622":"o","623":"n","624":"-","625":"l","626":"i","627":"n","628":"k","629":"-","630":"f","631":"a","632":"c","633":"e","634":"-","635":"p","636":"n","637":"g","638":"-","639":"t","640":"r","641":"a","642":"n","643":"s","644":"p","645":"a","646":"r","647":"e","648":"n","649":"t","650":".","651":"p","652":"n","653":"g","654":"\\","655":"\"","656":",","657":"\\","658":"n","659":" ","660":" ","661":" ","662":" ","663":"}","664":";","665":"\\","666":"n","667":" ","668":" ","669":"}","670":",","671":"\\","672":"n","673":"}","674":";","675":"\\","676":"n","677":"<","678":"/","679":"s","680":"c","681":"r","682":"i","683":"p","684":"t","685":">","686":"\\","687":"n","688":"\"","689":"]","690":"}"},"_coverageSchema":"1a1c01bbd47fc00a2c39e90264f33305004495a9","hash":"60eaf08d434f3496d4e976a0d60840ea4b69aaae"}
,"/home/theplague1738/Documents/Learning/job-search/src/components/SubNav.vue": {"path":"/home/theplague1738/Documents/Learning/job-search/src/components/SubNav.vue","statementMap":{"0":{"start":{"line":4,"column":0},"end":{"line":6,"column":3}},"1":{"start":{"line":7,"column":0},"end":{"line":7,"column":25}},"2":{"start":{"line":8,"column":15},"end":{"line":15,"column":1}},"3":{"start":{"line":11,"column":4},"end":{"line":13,"column":6}},"4":{"start":{"line":18,"column":0},"end":{"line":18,"column":13}},"5":{"start":{"line":20,"column":0},"end":{"line":22,"column":3}},"6":{"start":{"line":23,"column":0},"end":{"line":23,"column":24}},"7":{"start":{"line":24,"column":11},"end":{"line":24,"column":25}},"8":{"start":{"line":25,"column":19},"end":{"line":27,"column":1}},"9":{"start":{"line":28,"column":19},"end":{"line":30,"column":1}},"10":{"start":{"line":31,"column":19},"end":{"line":34,"column":1}},"11":{"start":{"line":35,"column":32},"end":{"line":37,"column":87}},"12":{"start":{"line":40,"column":39},"end":{"line":40,"column":86}},"13":{"start":{"line":41,"column":2},"end":{"line":44,"column":69}},"14":{"start":{"line":45,"column":2},"end":{"line":45,"column":49}}},"fnMap":{"0":{"name":"(anonymous_0)","decl":{"start":{"line":10,"column":2},"end":{"line":10,"column":3}},"loc":{"start":{"line":10,"column":9},"end":{"line":14,"column":3}},"line":10},"1":{"name":"render","decl":{"start":{"line":39,"column":9},"end":{"line":39,"column":15}},"loc":{"start":{"line":39,"column":30},"end":{"line":45,"column":1}},"line":39}},"branchMap":{"0":{"loc":{"start":{"line":41,"column":130},"end":{"line":44,"column":64}},"type":"cond-expr","locations":[{"start":{"line":41,"column":155},"end":{"line":44,"column":18}},{"start":{"line":44,"column":22},"end":{"line":44,"column":64}}],"line":41}},"s":{"0":2,"1":2,"2":2,"3":2,"4":2,"5":2,"6":2,"7":2,"8":2,"9":2,"10":2,"11":2,"12":2,"13":2,"14":2},"f":{"0":2,"1":2},"b":{"0":[1,1]},"inputSourceMap":{"0":"{","1":"\"","2":"v","3":"e","4":"r","5":"s","6":"i","7":"o","8":"n","9":"\"","10":":","11":"3","12":",","13":"\"","14":"s","15":"o","16":"u","17":"r","18":"c","19":"e","20":"s","21":"\"","22":":","23":"[","24":"\"","25":"/","26":"h","27":"o","28":"m","29":"e","30":"/","31":"t","32":"h","33":"e","34":"p","35":"l","36":"a","37":"g","38":"u","39":"e","40":"1","41":"7","42":"3","43":"8","44":"/","45":"D","46":"o","47":"c","48":"u","49":"m","50":"e","51":"n","52":"t","53":"s","54":"/","55":"L","56":"e","57":"a","58":"r","59":"n","60":"i","61":"n","62":"g","63":"/","64":"j","65":"o","66":"b","67":"-","68":"s","69":"e","70":"a","71":"r","72":"c","73":"h","74":"/","75":"s","76":"r","77":"c","78":"/","79":"c","80":"o","81":"m","82":"p","83":"o","84":"n","85":"e","86":"n","87":"t","88":"s","89":"/","90":"S","91":"u","92":"b","93":"N","94":"a","95":"v","96":".","97":"v","98":"u","99":"e","100":"\"","101":"]","102":",","103":"\"","104":"n","105":"a","106":"m","107":"e","108":"s","109":"\"","110":":","111":"[","112":"]","113":",","114":"\"","115":"m","116":"a","117":"p","118":"p","119":"i","120":"n","121":"g","122":"s","123":"\"","124":":","125":"\"","126":";","127":";","128":";","129":";","130":";","131":";","132":";","133":"e","134":"A","135":"Y","136":"e","137":";","138":"E","139":"A","140":"C","141":"b","142":",","143":"I","144":"A","145":"A","146":"I","147":",","148":"E","149":"A","150":"A","151":"E","152":",","153":"Q","154":"A","155":"A","156":"Q","157":";","158":"E","159":"A","160":"C","161":"d","162":",","163":"I","164":"A","165":"A","166":"I","167":",","168":"G","169":"A","170":"A","171":"G","172":";","173":"I","174":"A","175":"C","176":"L","177":",","178":"O","179":"A","180":"A","181":"O","182":";","183":"M","184":"A","185":"C","186":"L","187":",","188":"g","189":"B","190":"A","191":"A","192":"g","193":"B","194":",","195":"E","196":"A","197":"A","198":"E","199":";","200":"I","201":"A","202":"C","203":"p","204":"B","205":",","206":"C","207":"A","208":"A","209":"C","210":";","211":"E","212":"A","213":"C","214":"H","215":";","216":"A","217":"A","218":"C","219":"F","220":",","221":"C","222":"A","223":"A","224":"C","225":";","226":"A","227":"A","228":"A","229":"A","230":";","231":"A","232":"A","233":"A","234":"A","235":"\"","236":",","237":"\"","238":"f","239":"i","240":"l","241":"e","242":"\"","243":":","244":"\"","245":"/","246":"h","247":"o","248":"m","249":"e","250":"/","251":"t","252":"h","253":"e","254":"p","255":"l","256":"a","257":"g","258":"u","259":"e","260":"1","261":"7","262":"3","263":"8","264":"/","265":"D","266":"o","267":"c","268":"u","269":"m","270":"e","271":"n","272":"t","273":"s","274":"/","275":"L","276":"e","277":"a","278":"r","279":"n","280":"i","281":"n","282":"g","283":"/","284":"j","285":"o","286":"b","287":"-","288":"s","289":"e","290":"a","291":"r","292":"c","293":"h","294":"/","295":"s","296":"r","297":"c","298":"/","299":"c","300":"o","301":"m","302":"p","303":"o","304":"n","305":"e","306":"n","307":"t","308":"s","309":"/","310":"S","311":"u","312":"b","313":"N","314":"a","315":"v","316":".","317":"v","318":"u","319":"e","320":"\"","321":",","322":"\"","323":"s","324":"o","325":"u","326":"r","327":"c","328":"e","329":"s","330":"C","331":"o","332":"n","333":"t","334":"e","335":"n","336":"t","337":"\"","338":":","339":"[","340":"\"","341":"<","342":"t","343":"e","344":"m","345":"p","346":"l","347":"a","348":"t","349":"e","350":">","351":"\\","352":"n","353":" ","354":" ","355":"<","356":"d","357":"i","358":"v","359":" ","360":"c","361":"l","362":"a","363":"s","364":"s","365":"=","366":"\\","367":"\"","368":"w","369":"-","370":"f","371":"u","372":"l","373":"l","374":" ","375":"h","376":"-","377":"1","378":"6","379":" ","380":"b","381":"g","382":"-","383":"w","384":"h","385":"i","386":"t","387":"e","388":" ","389":"b","390":"o","391":"r","392":"d","393":"e","394":"r","395":"-","396":"b","397":" ","398":"b","399":"o","400":"r","401":"d","402":"e","403":"r","404":"-","405":"s","406":"o","407":"l","408":"i","409":"d","410":" ","411":"b","412":"o","413":"r","414":"d","415":"e","416":"r","417":"-","418":"b","419":"r","420":"a","421":"n","422":"d","423":"-","424":"g","425":"r","426":"a","427":"y","428":"-","429":"1","430":"\\","431":"\"","432":">","433":"\\","434":"n","435":" ","436":" ","437":" ","438":" ","439":"<","440":"d","441":"i","442":"v","443":" ","444":"c","445":"l","446":"a","447":"s","448":"s","449":"=","450":"\\","451":"\"","452":"f","453":"l","454":"e","455":"x","456":" ","457":"i","458":"t","459":"e","460":"m","461":"s","462":"-","463":"c","464":"e","465":"n","466":"t","467":"e","468":"r","469":" ","470":"h","471":"-","472":"f","473":"u","474":"l","475":"l","476":" ","477":"p","478":"x","479":"-","480":"8","481":"\\","482":"\"","483":">","484":"\\","485":"n","486":" ","487":" ","488":" ","489":" ","490":" ","491":" ","492":"<","493":"d","494":"i","495":"v","496":" ","497":"v","498":"-","499":"i","500":"f","501":"=","502":"\\","503":"\"","504":"o","505":"n","506":"J","507":"o","508":"b","509":"R","510":"e","511":"s","512":"u","513":"l","514":"t","515":"s","516":"p","517":"a","518":"g","519":"e","520":"\\","521":"\"","522":" ","523":"d","524":"a","525":"t","526":"a","527":"-","528":"t","529":"e","530":"s","531":"t","532":"=","533":"\\","534":"\"","535":"j","536":"o","537":"b","538":"-","539":"c","540":"o","541":"u","542":"n","543":"t","544":"\\","545":"\"","546":">","547":"\\","548":"n","549":" ","550":" ","551":" ","552":" ","553":" ","554":" ","555":" ","556":" ","557":"<","558":"f","559":"o","560":"n","561":"t","562":"-","563":"a","564":"w","565":"e","566":"s","567":"o","568":"m","569":"e","570":"-","571":"i","572":"c","573":"o","574":"n","575":" ","576":":","577":"i","578":"c","579":"o","580":"n","581":"=","582":"\\","583":"\"","584":"[","585":"'","586":"f","587":"a","588":"s","589":"'","590":",","591":" ","592":"'","593":"s","594":"e","595":"a","596":"r","597":"c","598":"h","599":"'","600":"]","601":"\\","602":"\"","603":" ","604":"c","605":"l","606":"a","607":"s","608":"s","609":"=","610":"\\","611":"\"","612":"m","613":"r","614":"-","615":"3","616":"\\","617":"\"","618":" ","619":"/","620":">","621":"\\","622":"n","623":" ","624":" ","625":" ","626":" ","627":" ","628":" ","629":" ","630":" ","631":"<","632":"s","633":"p","634":"a","635":"n","636":">","637":" ","638":"<","639":"s","640":"p","641":"a","642":"n","643":" ","644":"c","645":"l","646":"a","647":"s","648":"s","649":"=","650":"\\","651":"\"","652":"t","653":"e","654":"x","655":"t","656":"-","657":"b","658":"r","659":"a","660":"n","661":"d","662":"-","663":"g","664":"r","665":"e","666":"e","667":"n","668":"-","669":"1","670":"\\","671":"\"","672":">","673":"4","674":"0","675":"0","676":"<","677":"/","678":"s","679":"p","680":"a","681":"n","682":">","683":" ","684":"j","685":"o","686":"b","687":"s","688":" ","689":"m","690":"a","691":"t","692":"c","693":"h","694":"e","695":"d","696":" ","697":"<","698":"/","699":"s","700":"p","701":"a","702":"n","703":">","704":"\\","705":"n","706":" ","707":" ","708":" ","709":" ","710":" ","711":" ","712":"<","713":"/","714":"d","715":"i","716":"v","717":">","718":"\\","719":"n","720":" ","721":" ","722":" ","723":" ","724":"<","725":"/","726":"d","727":"i","728":"v","729":">","730":"\\","731":"n","732":" ","733":" ","734":"<","735":"/","736":"d","737":"i","738":"v","739":">","740":"\\","741":"n","742":"<","743":"/","744":"t","745":"e","746":"m","747":"p","748":"l","749":"a","750":"t","751":"e","752":">","753":"\\","754":"n","755":"\\","756":"n","757":"<","758":"s","759":"c","760":"r","761":"i","762":"p","763":"t","764":">","765":"\\","766":"n","767":"e","768":"x","769":"p","770":"o","771":"r","772":"t","773":" ","774":"d","775":"e","776":"f","777":"a","778":"u","779":"l","780":"t","781":" ","782":"{","783":"\\","784":"n","785":" ","786":" ","787":"n","788":"a","789":"m","790":"e","791":":","792":" ","793":"\\","794":"\"","795":"S","796":"u","797":"b","798":"N","799":"a","800":"v","801":"\\","802":"\"","803":",","804":"\\","805":"n","806":" ","807":" ","808":"d","809":"a","810":"t","811":"a","812":"(","813":")","814":" ","815":"{","816":"\\","817":"n","818":" ","819":" ","820":" ","821":" ","822":"r","823":"e","824":"t","825":"u","826":"r","827":"n","828":" ","829":"{","830":"\\","831":"n","832":" ","833":" ","834":" ","835":" ","836":" ","837":" ","838":"o","839":"n","840":"J","841":"o","842":"b","843":"R","844":"e","845":"s","846":"u","847":"l","848":"t","849":"s","850":"p","851":"a","852":"g","853":"e","854":":","855":" ","856":"t","857":"r","858":"u","859":"e","860":",","861":"\\","862":"n","863":" ","864":" ","865":" ","866":" ","867":"}","868":";","869":"\\","870":"n","871":" ","872":" ","873":"}","874":",","875":"\\","876":"n","877":"}","878":";","879":"\\","880":"n","881":"<","882":"/","883":"s","884":"c","885":"r","886":"i","887":"p","888":"t","889":">","890":"\\","891":"n","892":"\"","893":"]","894":"}"},"_coverageSchema":"1a1c01bbd47fc00a2c39e90264f33305004495a9","hash":"3b1795b9cd2f81186c0027b6695250152fda49d5"}
,"/home/theplague1738/Documents/Learning/job-search/src/utils/nextElementInList.js": {"path":"/home/theplague1738/Documents/Learning/job-search/src/utils/nextElementInList.js","statementMap":{"0":{"start":{"line":1,"column":26},"end":{"line":6,"column":1}},"1":{"start":{"line":2,"column":28},"end":{"line":2,"column":47}},"2":{"start":{"line":3,"column":25},"end":{"line":3,"column":62}},"3":{"start":{"line":4,"column":20},"end":{"line":4,"column":40}},"4":{"start":{"line":5,"column":2},"end":{"line":5,"column":19}}},"fnMap":{"0":{"name":"(anonymous_0)","decl":{"start":{"line":1,"column":26},"end":{"line":1,"column":27}},"loc":{"start":{"line":1,"column":43},"end":{"line":6,"column":1}},"line":1}},"branchMap":{},"s":{"0":2,"1":5,"2":5,"3":5,"4":5},"f":{"0":5},"b":{},"_coverageSchema":"1a1c01bbd47fc00a2c39e90264f33305004495a9","hash":"ec1db50c8bbca400b79e21b8efdfbd29e73a619d"}
}
