{"/home/theplague1738/Documents/Learning/job-search/src/components/ActionButton.vue": {"path":"/home/theplague1738/Documents/Learning/job-search/src/components/ActionButton.vue","statementMap":{"0":{"start":{"line":4,"column":0},"end":{"line":6,"column":3}},"1":{"start":{"line":7,"column":0},"end":{"line":7,"column":25}},"2":{"start":{"line":8,"column":15},"end":{"line":28,"column":1}},"3":{"start":{"line":23,"column":6},"end":{"line":25,"column":8}},"4":{"start":{"line":31,"column":0},"end":{"line":31,"column":13}},"5":{"start":{"line":33,"column":0},"end":{"line":35,"column":3}},"6":{"start":{"line":36,"column":0},"end":{"line":36,"column":24}},"7":{"start":{"line":37,"column":11},"end":{"line":37,"column":25}},"8":{"start":{"line":39,"column":2},"end":{"line":42,"column":64}},"9":{"start":{"line":43,"column":2},"end":{"line":43,"column":49}}},"fnMap":{"0":{"name":"(anonymous_0)","decl":{"start":{"line":22,"column":4},"end":{"line":22,"column":5}},"loc":{"start":{"line":22,"column":18},"end":{"line":26,"column":5}},"line":22},"1":{"name":"render","decl":{"start":{"line":38,"column":9},"end":{"line":38,"column":15}},"loc":{"start":{"line":38,"column":30},"end":{"line":43,"column":1}},"line":38}},"branchMap":{},"s":{"0":2,"1":2,"2":2,"3":6,"4":2,"5":2,"6":2,"7":2,"8":6,"9":2},"f":{"0":6,"1":6},"b":{},"inputSourceMap":{"0":"{","1":"\"","2":"v","3":"e","4":"r","5":"s","6":"i","7":"o","8":"n","9":"\"","10":":","11":"3","12":",","13":"\"","14":"s","15":"o","16":"u","17":"r","18":"c","19":"e","20":"s","21":"\"","22":":","23":"[","24":"\"","25":"/","26":"h","27":"o","28":"m","29":"e","30":"/","31":"t","32":"h","33":"e","34":"p","35":"l","36":"a","37":"g","38":"u","39":"e","40":"1","41":"7","42":"3","43":"8","44":"/","45":"D","46":"o","47":"c","48":"u","49":"m","50":"e","51":"n","52":"t","53":"s","54":"/","55":"L","56":"e","57":"a","58":"r","59":"n","60":"i","61":"n","62":"g","63":"/","64":"j","65":"o","66":"b","67":"-","68":"s","69":"e","70":"a","71":"r","72":"c","73":"h","74":"/","75":"s","76":"r","77":"c","78":"/","79":"c","80":"o","81":"m","82":"p","83":"o","84":"n","85":"e","86":"n","87":"t","88":"s","89":"/","90":"A","91":"c","92":"t","93":"i","94":"o","95":"n","96":"B","97":"u","98":"t","99":"t","100":"o","101":"n","102":".","103":"v","104":"u","105":"e","106":"\"","107":"]","108":",","109":"\"","110":"n","111":"a","112":"m","113":"e","114":"s","115":"\"","116":":","117":"[","118":"]","119":",","120":"\"","121":"m","122":"a","123":"p","124":"p","125":"i","126":"n","127":"g","128":"s","129":"\"","130":":","131":"\"","132":";","133":";","134":";","135":";","136":";","137":";","138":";","139":"e","140":"A","141":"O","142":"e","143":";","144":"E","145":"A","146":"C","147":"b","148":",","149":"I","150":"A","151":"A","152":"I","153":",","154":"E","155":"A","156":"A","157":"E","158":",","159":"c","160":"A","161":"A","162":"c","163":";","164":"E","165":"A","166":"C","167":"p","168":"B","169":",","170":"K","171":"A","172":"A","173":"K","174":",","175":"E","176":"A","177":"A","178":"E","179":";","180":"I","181":"A","182":"C","183":"L","184":",","185":"I","186":"A","187":"A","188":"I","189":",","190":"E","191":"A","192":"A","193":"E","194":";","195":"M","196":"A","197":"C","198":"J","199":",","200":"I","201":"A","202":"A","203":"I","204":",","205":"E","206":"A","207":"A","208":"E","209":",","210":"M","211":"A","212":"A","213":"M","214":";","215":"M","216":"A","217":"C","218":"Z","219":",","220":"Q","221":"A","222":"A","223":"Q","224":",","225":"E","226":"A","227":"A","228":"E","229":";","230":"I","231":"A","232":"C","233":"Z","234":",","235":"C","236":"A","237":"A","238":"C","239":";","240":"I","241":"A","242":"C","243":"D","244":",","245":"I","246":"A","247":"A","248":"I","249":",","250":"E","251":"A","252":"A","253":"E","254":";","255":"M","256":"A","257":"C","258":"J","259":",","260":"I","261":"A","262":"A","263":"I","264":",","265":"E","266":"A","267":"A","268":"E","269":",","270":"M","271":"A","272":"A","273":"M","274":";","275":"M","276":"A","277":"C","278":"Z","279":",","280":"Q","281":"A","282":"A","283":"Q","284":",","285":"E","286":"A","287":"A","288":"E","289":",","290":"K","291":"A","292":"A","293":"K","294":";","295":"M","296":"A","297":"C","298":"f","299":",","300":"O","301":"A","302":"A","303":"O","304":",","305":"E","306":"A","307":"A","308":"E","309":";","310":"I","311":"A","312":"C","313":"X","314":";","315":"E","316":"A","317":"C","318":"F","319":",","320":"C","321":"A","322":"A","323":"C","324":";","325":"E","326":"A","327":"C","328":"D","329":",","330":"Q","331":"A","332":"A","333":"Q","334":",","335":"E","336":"A","337":"A","338":"E","339":";","340":"I","341":"A","342":"C","343":"R","344":",","345":"W","346":"A","347":"A","348":"W","349":",","350":"G","351":"A","352":"A","353":"G","354":";","355":"M","356":"A","357":"C","358":"Z","359":",","360":"O","361":"A","362":"A","363":"O","364":";","365":"Q","366":"A","367":"C","368":"L","369":",","370":"C","371":"A","372":"A","373":"C","374":",","375":"I","376":"A","377":"A","378":"I","379":",","380":"C","381":"A","382":"A","383":"C","384":",","385":"I","386":"A","387":"A","388":"I","389":",","390":"G","391":"A","392":"A","393":"G","394":";","395":"M","396":"A","397":"C","398":"f","399":",","400":"C","401":"A","402":"A","403":"C","404":";","405":"I","406":"A","407":"C","408":"H","409":";","410":"E","411":"A","412":"C","413":"F","414":";","415":"A","416":"A","417":"C","418":"F","419":",","420":"C","421":"A","422":"A","423":"C","424":";","425":"A","426":"A","427":"A","428":"A","429":";","430":"A","431":"A","432":"A","433":"A","434":"\"","435":",","436":"\"","437":"f","438":"i","439":"l","440":"e","441":"\"","442":":","443":"\"","444":"/","445":"h","446":"o","447":"m","448":"e","449":"/","450":"t","451":"h","452":"e","453":"p","454":"l","455":"a","456":"g","457":"u","458":"e","459":"1","460":"7","461":"3","462":"8","463":"/","464":"D","465":"o","466":"c","467":"u","468":"m","469":"e","470":"n","471":"t","472":"s","473":"/","474":"L","475":"e","476":"a","477":"r","478":"n","479":"i","480":"n","481":"g","482":"/","483":"j","484":"o","485":"b","486":"-","487":"s","488":"e","489":"a","490":"r","491":"c","492":"h","493":"/","494":"s","495":"r","496":"c","497":"/","498":"c","499":"o","500":"m","501":"p","502":"o","503":"n","504":"e","505":"n","506":"t","507":"s","508":"/","509":"A","510":"c","511":"t","512":"i","513":"o","514":"n","515":"B","516":"u","517":"t","518":"t","519":"o","520":"n","521":".","522":"v","523":"u","524":"e","525":"\"","526":",","527":"\"","528":"s","529":"o","530":"u","531":"r","532":"c","533":"e","534":"s","535":"C","536":"o","537":"n","538":"t","539":"e","540":"n","541":"t","542":"\"","543":":","544":"[","545":"\"","546":"<","547":"t","548":"e","549":"m","550":"p","551":"l","552":"a","553":"t","554":"e","555":">","556":"\\","557":"n","558":" ","559":" ","560":"<","561":"b","562":"u","563":"t","564":"t","565":"o","566":"n","567":" ","568":"d","569":"a","570":"t","571":"a","572":"-","573":"t","574":"e","575":"s","576":"t","577":"=","578":"\\","579":"\"","580":"l","581":"o","582":"g","583":"i","584":"n","585":"-","586":"b","587":"u","588":"t","589":"t","590":"o","591":"n","592":"\\","593":"\"","594":" ","595":":","596":"c","597":"l","598":"a","599":"s","600":"s","601":"=","602":"\\","603":"\"","604":"b","605":"u","606":"t","607":"t","608":"o","609":"n","610":"C","611":"l","612":"a","613":"s","614":"s","615":"\\","616":"\"","617":">","618":"\\","619":"n","620":" ","621":" ","622":" ","623":" ","624":"{","625":"{","626":" ","627":"t","628":"e","629":"x","630":"t","631":" ","632":"}","633":"}","634":"\\","635":"n","636":" ","637":" ","638":"<","639":"/","640":"b","641":"u","642":"t","643":"t","644":"o","645":"n","646":">","647":"\\","648":"n","649":"<","650":"/","651":"t","652":"e","653":"m","654":"p","655":"l","656":"a","657":"t","658":"e","659":">","660":"\\","661":"n","662":"\\","663":"n","664":"<","665":"s","666":"c","667":"r","668":"i","669":"p","670":"t","671":">","672":"\\","673":"n","674":"e","675":"x","676":"p","677":"o","678":"r","679":"t","680":" ","681":"d","682":"e","683":"f","684":"a","685":"u","686":"l","687":"t","688":" ","689":"{","690":"\\","691":"n","692":" ","693":" ","694":"n","695":"a","696":"m","697":"e","698":":","699":" ","700":"\\","701":"\"","702":"A","703":"c","704":"t","705":"i","706":"o","707":"n","708":"B","709":"u","710":"t","711":"t","712":"o","713":"n","714":"\\","715":"\"","716":",","717":"\\","718":"n","719":" ","720":" ","721":"p","722":"r","723":"o","724":"p","725":"s","726":":","727":" ","728":"{","729":"\\","730":"n","731":" ","732":" ","733":" ","734":" ","735":"t","736":"e","737":"x","738":"t","739":":","740":" ","741":"{","742":"\\","743":"n","744":" ","745":" ","746":" ","747":" ","748":" ","749":" ","750":"t","751":"y","752":"p","753":"e","754":":","755":" ","756":"S","757":"t","758":"r","759":"i","760":"n","761":"g","762":",","763":"\\","764":"n","765":" ","766":" ","767":" ","768":" ","769":" ","770":" ","771":"r","772":"e","773":"q","774":"u","775":"i","776":"r","777":"e","778":"d","779":":","780":" ","781":"t","782":"r","783":"u","784":"e","785":",","786":"\\","787":"n","788":" ","789":" ","790":" ","791":" ","792":"}","793":",","794":"\\","795":"n","796":" ","797":" ","798":" ","799":" ","800":"t","801":"y","802":"p","803":"e","804":":","805":" ","806":"{","807":"\\","808":"n","809":" ","810":" ","811":" ","812":" ","813":" ","814":" ","815":"t","816":"y","817":"p","818":"e","819":":","820":" ","821":"S","822":"t","823":"r","824":"i","825":"n","826":"g","827":",","828":"\\","829":"n","830":" ","831":" ","832":" ","833":" ","834":" ","835":" ","836":"r","837":"e","838":"q","839":"u","840":"i","841":"r","842":"e","843":"d","844":":","845":" ","846":"f","847":"a","848":"l","849":"s","850":"e","851":",","852":"\\","853":"n","854":" ","855":" ","856":" ","857":" ","858":" ","859":" ","860":"d","861":"e","862":"f","863":"a","864":"u","865":"l","866":"t","867":":","868":" ","869":"\\","870":"\"","871":"p","872":"r","873":"i","874":"m","875":"a","876":"r","877":"y","878":"\\","879":"\"","880":",","881":"\\","882":"n","883":" ","884":" ","885":" ","886":" ","887":"}","888":",","889":"\\","890":"n","891":" ","892":" ","893":"}","894":",","895":"\\","896":"n","897":" ","898":" ","899":"c","900":"o","901":"m","902":"p","903":"u","904":"t","905":"e","906":"d","907":":","908":" ","909":"{","910":"\\","911":"n","912":" ","913":" ","914":" ","915":" ","916":"b","917":"u","918":"t","919":"t","920":"o","921":"n","922":"C","923":"l","924":"a","925":"s","926":"s","927":"(","928":")","929":" ","930":"{","931":"\\","932":"n","933":" ","934":" ","935":" ","936":" ","937":" ","938":" ","939":"r","940":"e","941":"t","942":"u","943":"r","944":"n","945":" ","946":"{","947":"\\","948":"n","949":" ","950":" ","951":" ","952":" ","953":" ","954":" ","955":" ","956":" ","957":"[","958":"t","959":"h","960":"i","961":"s","962":".","963":"t","964":"y","965":"p","966":"e","967":"]","968":":","969":" ","970":"t","971":"r","972":"u","973":"e","974":",","975":"\\","976":"n","977":" ","978":" ","979":" ","980":" ","981":" ","982":" ","983":"}","984":";","985":"\\","986":"n","987":" ","988":" ","989":" ","990":" ","991":"}","992":",","993":"\\","994":"n","995":" ","996":" ","997":"}","998":",","999":"\\","1000":"n","1001":"}","1002":";","1003":"\\","1004":"n","1005":"<","1006":"/","1007":"s","1008":"c","1009":"r","1010":"i","1011":"p","1012":"t","1013":">","1014":"\\","1015":"n","1016":"\\","1017":"n","1018":"<","1019":"s","1020":"t","1021":"y","1022":"l","1023":"e","1024":" ","1025":"s","1026":"c","1027":"o","1028":"p","1029":"e","1030":"d","1031":">","1032":"\\","1033":"n","1034":"b","1035":"u","1036":"t","1037":"t","1038":"o","1039":"n","1040":" ","1041":"{","1042":"\\","1043":"n","1044":" ","1045":" ","1046":"@","1047":"a","1048":"p","1049":"p","1050":"l","1051":"y","1052":" ","1053":"p","1054":"x","1055":"-","1056":"5","1057":" ","1058":"p","1059":"y","1060":"-","1061":"3","1062":" ","1063":"f","1064":"o","1065":"n","1066":"t","1067":"-","1068":"m","1069":"e","1070":"d","1071":"i","1072":"u","1073":"m","1074":" ","1075":" ","1076":"r","1077":"o","1078":"u","1079":"n","1080":"d","1081":"e","1082":"d","1083":";","1084":"\\","1085":"n","1086":"}","1087":"\\","1088":"n","1089":"\\","1090":"n","1091":".","1092":"p","1093":"r","1094":"i","1095":"m","1096":"a","1097":"r","1098":"y","1099":" ","1100":"{","1101":"\\","1102":"n","1103":" ","1104":" ","1105":"@","1106":"a","1107":"p","1108":"p","1109":"l","1110":"y","1111":" ","1112":"t","1113":"e","1114":"x","1115":"t","1116":"-","1117":"w","1118":"h","1119":"i","1120":"t","1121":"e","1122":" ","1123":"b","1124":"g","1125":"-","1126":"b","1127":"r","1128":"a","1129":"n","1130":"d","1131":"-","1132":"b","1133":"l","1134":"u","1135":"e","1136":"-","1137":"1","1138":" ","1139":"h","1140":"o","1141":"v","1142":"e","1143":"r","1144":":","1145":"s","1146":"h","1147":"a","1148":"d","1149":"o","1150":"w","1151":"-","1152":"b","1153":"l","1154":"u","1155":"e","1156":";","1157":"\\","1158":"n","1159":"}","1160":"\\","1161":"n","1162":".","1163":"s","1164":"e","1165":"c","1166":"o","1167":"n","1168":"d","1169":"a","1170":"r","1171":"y","1172":" ","1173":"{","1174":"\\","1175":"n","1176":" ","1177":" ","1178":"@","1179":"a","1180":"p","1181":"p","1182":"l","1183":"y","1184":" ","1185":"t","1186":"e","1187":"x","1188":"t","1189":"-","1190":"b","1191":"r","1192":"a","1193":"n","1194":"d","1195":"-","1196":"b","1197":"l","1198":"u","1199":"e","1200":"-","1201":"1","1202":" ","1203":"b","1204":"g","1205":"-","1206":"t","1207":"r","1208":"a","1209":"n","1210":"s","1211":"p","1212":"a","1213":"r","1214":"e","1215":"n","1216":"t","1217":" ","1218":"h","1219":"o","1220":"v","1221":"e","1222":"r","1223":":","1224":"b","1225":"g","1226":"-","1227":"b","1228":"r","1229":"a","1230":"n","1231":"d","1232":"-","1233":"b","1234":"l","1235":"u","1236":"e","1237":"-","1238":"2","1239":" ","1240":"h","1241":"o","1242":"v","1243":"e","1244":"r","1245":":","1246":"t","1247":"e","1248":"x","1249":"t","1250":"-","1251":"w","1252":"h","1253":"i","1254":"t","1255":"e","1256":";","1257":"\\","1258":"n","1259":"}","1260":"\\","1261":"n","1262":"<","1263":"/","1264":"s","1265":"t","1266":"y","1267":"l","1268":"e","1269":">","1270":"\\","1271":"n","1272":"\"","1273":"]","1274":"}"},"_coverageSchema":"1a1c01bbd47fc00a2c39e90264f33305004495a9","hash":"891010001e2bdc112ea4137da3c6089d0a5fa53c"}
,"/home/theplague1738/Documents/Learning/job-search/src/components/MainNav.vue": {"path":"/home/theplague1738/Documents/Learning/job-search/src/components/MainNav.vue","statementMap":{"0":{"start":{"line":4,"column":29},"end":{"line":4,"column":158}},"1":{"start":{"line":5,"column":0},"end":{"line":7,"column":3}},"2":{"start":{"line":8,"column":0},"end":{"line":8,"column":25}},"3":{"start":{"line":46,"column":0},"end":{"line":46,"column":13}},"4":{"start":{"line":48,"column":0},"end":{"line":50,"column":3}},"5":{"start":{"line":51,"column":0},"end":{"line":51,"column":24}},"6":{"start":{"line":52,"column":11},"end":{"line":52,"column":25}},"7":{"start":{"line":53,"column":19},"end":{"line":55,"column":1}},"8":{"start":{"line":56,"column":19},"end":{"line":58,"column":1}},"9":{"start":{"line":59,"column":19},"end":{"line":61,"column":1}},"10":{"start":{"line":62,"column":19},"end":{"line":62,"column":27}},"11":{"start":{"line":63,"column":19},"end":{"line":65,"column":1}},"12":{"start":{"line":66,"column":19},"end":{"line":68,"column":1}},"13":{"start":{"line":69,"column":19},"end":{"line":72,"column":1}},"14":{"start":{"line":73,"column":19},"end":{"line":75,"column":1}},"15":{"start":{"line":77,"column":34},"end":{"line":77,"column":76}},"16":{"start":{"line":78,"column":34},"end":{"line":78,"column":76}},"17":{"start":{"line":79,"column":2},"end":{"line":94,"column":48}},"18":{"start":{"line":83,"column":4},"end":{"line":87,"column":107}},"19":{"start":{"line":95,"column":2},"end":{"line":95,"column":49}}},"fnMap":{"0":{"name":"render","decl":{"start":{"line":76,"column":9},"end":{"line":76,"column":15}},"loc":{"start":{"line":76,"column":30},"end":{"line":95,"column":1}},"line":76},"1":{"name":"(anonymous_1)","decl":{"start":{"line":82,"column":292},"end":{"line":82,"column":293}},"loc":{"start":{"line":82,"column":304},"end":{"line":88,"column":3}},"line":82}},"branchMap":{"0":{"loc":{"start":{"line":88,"column":87},"end":{"line":94,"column":39}},"type":"cond-expr","locations":[{"start":{"line":88,"column":106},"end":{"line":90,"column":4}},{"start":{"line":90,"column":9},"end":{"line":94,"column":38}}],"line":88}},"s":{"0":1,"1":1,"2":1,"3":1,"4":1,"5":1,"6":1,"7":1,"8":1,"9":1,"10":1,"11":1,"12":1,"13":1,"14":1,"15":5,"16":5,"17":5,"18":30,"19":1},"f":{"0":5,"1":30},"b":{"0":[1,4]},"inputSourceMap":{"0":"{","1":"\"","2":"v","3":"e","4":"r","5":"s","6":"i","7":"o","8":"n","9":"\"","10":":","11":"3","12":",","13":"\"","14":"s","15":"o","16":"u","17":"r","18":"c","19":"e","20":"s","21":"\"","22":":","23":"[","24":"\"","25":"/","26":"h","27":"o","28":"m","29":"e","30":"/","31":"t","32":"h","33":"e","34":"p","35":"l","36":"a","37":"g","38":"u","39":"e","40":"1","41":"7","42":"3","43":"8","44":"/","45":"D","46":"o","47":"c","48":"u","49":"m","50":"e","51":"n","52":"t","53":"s","54":"/","55":"L","56":"e","57":"a","58":"r","59":"n","60":"i","61":"n","62":"g","63":"/","64":"j","65":"o","66":"b","67":"-","68":"s","69":"e","70":"a","71":"r","72":"c","73":"h","74":"/","75":"s","76":"r","77":"c","78":"/","79":"c","80":"o","81":"m","82":"p","83":"o","84":"n","85":"e","86":"n","87":"t","88":"s","89":"/","90":"M","91":"a","92":"i","93":"n","94":"N","95":"a","96":"v","97":".","98":"v","99":"u","100":"e","101":"\"","102":"]","103":",","104":"\"","105":"n","106":"a","107":"m","108":"e","109":"s","110":"\"","111":":","112":"[","113":"]","114":",","115":"\"","116":"m","117":"a","118":"p","119":"p","120":"i","121":"n","122":"g","123":"s","124":"\"","125":":","126":"\"","127":";","128":";","129":";","130":";","131":";","132":";","133":";","134":";","135":"A","136":"A","137":"k","138":"C","139":"A","140":";","141":"A","142":"A","143":"A","144":"A","145":";","146":"A","147":"A","148":"A","149":"A","150":";","151":"A","152":"A","153":"C","154":"A","155":";","156":"A","157":"A","158":"A","159":"A","160":";","161":"A","162":"A","163":"A","164":"A","165":";","166":"A","167":"A","168":"A","169":"q","170":"D","171":";","172":"A","173":"A","174":"A","175":"A","176":",","177":"e","178":"A","179":"C","180":"t","181":"C","182":";","183":"E","184":"A","185":"C","186":"b","187":",","188":"I","189":"A","190":"A","191":"I","192":",","193":"E","194":"A","195":"A","196":"E","197":",","198":"S","199":"A","200":"A","201":"S","202":";","203":"E","204":"A","205":"C","206":"f","207":",","208":"U","209":"A","210":"A","211":"U","212":",","213":"E","214":"A","215":"A","216":"E","217":";","218":"I","219":"A","220":"C","221":"V","222":",","223":"Y","224":"A","225":"A","226":"Y","227":";","228":"I","229":"A","230":"A","231":"Z","232":";","233":"I","234":"A","235":"A","236":"A","237":";","238":"I","239":"A","240":"A","241":"A","242":";","243":"I","244":"A","245":"A","246":"A","247":",","248":"O","249":"A","250":"A","251":"Y","252":";","253":"I","254":"A","255":"C","256":"Z","257":",","258":"Y","259":"A","260":"A","261":"Y","262":";","263":"I","264":"A","265":"A","266":"Z","267":";","268":"I","269":"A","270":"A","271":"A","272":";","273":"I","274":"A","275":"A","276":"A","277":";","278":"I","279":"A","280":"A","281":"A","282":";","283":"E","284":"A","285":"C","286":"F","287":",","288":"C","289":"A","290":"A","291":"C","292":";","293":"E","294":"A","295":"C","296":"D","297":",","298":"I","299":"A","300":"A","301":"I","302":",","303":"G","304":"A","305":"A","306":"G","307":";","308":"I","309":"A","310":"C","311":"L","312":",","313":"O","314":"A","315":"A","316":"O","317":";","318":"M","319":"A","320":"C","321":"L","322":",","323":"O","324":"A","325":"A","326":"O","327":",","328":"E","329":"A","330":"A","331":"E","332":",","333":"c","334":"A","335":"A","336":"c","337":";","338":"M","339":"A","340":"C","341":"v","342":"B","343":",","344":"G","345":"A","346":"A","347":"G","348":",","349":"E","350":"A","351":"A","352":"E","353":",","354":"4","355":"B","356":"A","357":"A","358":"4","359":"B","360":";","361":"M","362":"A","363":"C","364":"j","365":"C","366":",","367":"S","368":"A","369":"A","370":"S","371":",","372":"E","373":"A","374":"A","375":"E","376":",","377":"C","378":"A","379":"C","380":"T","381":",","382":"O","383":"A","384":"A","385":"O","386":",","387":"E","388":"A","389":"C","390":"P","391":",","392":"W","393":"A","394":"A","395":"W","396":",","397":"E","398":"A","399":"C","400":"X","401":",","402":"s","403":"B","404":"A","405":"A","406":"s","407":"B","408":",","409":"E","410":"A","411":"C","412":"t","413":"B","414":",","415":"a","416":"A","417":"A","418":"a","419":",","420":"E","421":"A","422":"C","423":"b","424":",","425":"U","426":"A","427":"A","428":"U","429":",","430":"E","431":"A","432":"C","433":"V","434":",","435":"M","436":"A","437":"A","438":"M","439":",","440":"C","441":"A","442":"C","443":"P","444":";","445":"M","446":"A","447":"C","448":"D","449":",","450":"U","451":"A","452":"A","453":"U","454":",","455":"E","456":"A","457":"A","458":"E","459":";","460":"I","461":"A","462":"C","463":"d","464":",","465":"C","466":"A","467":"A","468":"C","469":";","470":"E","471":"A","472":"C","473":"H","474":",","475":"C","476":"A","477":"A","478":"C","479":";","480":"E","481":"A","482":"C","483":"D","484":",","485":"O","486":"A","487":"A","488":"O","489":",","490":"E","491":"A","492":"A","493":"E","494":";","495":"I","496":"A","497":"C","498":"P","499":",","500":"S","501":"A","502":"A","503":"S","504":",","505":"G","506":"A","507":"A","508":"G","509":";","510":"M","511":"A","512":"C","513":"V","514":",","515":"I","516":"A","517":"A","518":"I","519":",","520":"C","521":"A","522":"A","523":"C","524":",","525":"U","526":"A","527":"A","528":"U","529":",","530":"G","531":"A","532":"A","533":"G","534":",","535":"C","536":"A","537":"A","538":"C","539":",","540":"I","541":"A","542":"A","543":"I","544":",","545":"C","546":"A","547":"A","548":"C","549":",","550":"U","551":"A","552":"A","553":"U","554":";","555":"I","556":"A","557":"C","558":"p","559":"C","560":";","561":"E","562":"A","563":"C","564":"F","565":";","566":"A","567":"A","568":"C","569":"F","570":",","571":"C","572":"A","573":"A","574":"C","575":";","576":"A","577":"A","578":"A","579":"A","580":";","581":"A","582":"A","583":"A","584":"A","585":"\"","586":",","587":"\"","588":"f","589":"i","590":"l","591":"e","592":"\"","593":":","594":"\"","595":"/","596":"h","597":"o","598":"m","599":"e","600":"/","601":"t","602":"h","603":"e","604":"p","605":"l","606":"a","607":"g","608":"u","609":"e","610":"1","611":"7","612":"3","613":"8","614":"/","615":"D","616":"o","617":"c","618":"u","619":"m","620":"e","621":"n","622":"t","623":"s","624":"/","625":"L","626":"e","627":"a","628":"r","629":"n","630":"i","631":"n","632":"g","633":"/","634":"j","635":"o","636":"b","637":"-","638":"s","639":"e","640":"a","641":"r","642":"c","643":"h","644":"/","645":"s","646":"r","647":"c","648":"/","649":"c","650":"o","651":"m","652":"p","653":"o","654":"n","655":"e","656":"n","657":"t","658":"s","659":"/","660":"M","661":"a","662":"i","663":"n","664":"N","665":"a","666":"v","667":".","668":"v","669":"u","670":"e","671":"\"","672":",","673":"\"","674":"s","675":"o","676":"u","677":"r","678":"c","679":"e","680":"s","681":"C","682":"o","683":"n","684":"t","685":"e","686":"n","687":"t","688":"\"","689":":","690":"[","691":"\"","692":"<","693":"t","694":"e","695":"m","696":"p","697":"l","698":"a","699":"t","700":"e","701":">","702":"\\","703":"n","704":" ","705":" ","706":"<","707":"h","708":"e","709":"a","710":"d","711":"e","712":"r","713":" ","714":"c","715":"l","716":"a","717":"s","718":"s","719":"=","720":"\\","721":"\"","722":"w","723":"-","724":"f","725":"u","726":"l","727":"l","728":" ","729":"t","730":"e","731":"x","732":"t","733":"-","734":"s","735":"m","736":"\\","737":"\"","738":">","739":"\\","740":"n","741":" ","742":" ","743":" ","744":" ","745":"<","746":"d","747":"i","748":"v","749":" ","750":"c","751":"l","752":"a","753":"s","754":"s","755":"=","756":"\\","757":"\"","758":"f","759":"i","760":"x","761":"e","762":"d","763":" ","764":"t","765":"o","766":"p","767":"-","768":"0","769":" ","770":"l","771":"e","772":"f","773":"t","774":"-","775":"0","776":" ","777":"w","778":"-","779":"f","780":"u","781":"l","782":"l","783":" ","784":"h","785":"-","786":"1","787":"6","788":" ","789":"b","790":"g","791":"-","792":"w","793":"h","794":"i","795":"t","796":"e","797":"\\","798":"\"","799":">","800":"\\","801":"n","802":" ","803":" ","804":" ","805":" ","806":" ","807":" ","808":"<","809":"d","810":"i","811":"v","812":"\\","813":"n","814":" ","815":" ","816":" ","817":" ","818":" ","819":" ","820":" ","821":" ","822":"c","823":"l","824":"a","825":"s","826":"s","827":"=","828":"\\","829":"\"","830":"f","831":"l","832":"e","833":"x","834":" ","835":"f","836":"l","837":"e","838":"x","839":"-","840":"n","841":"o","842":"w","843":"r","844":"a","845":"p","846":" ","847":"h","848":"-","849":"f","850":"u","851":"l","852":"l","853":" ","854":"p","855":"x","856":"-","857":"8","858":" ","859":"m","860":"x","861":"-","862":"a","863":"u","864":"t","865":"o","866":" ","867":"b","868":"o","869":"r","870":"d","871":"e","872":"r","873":"-","874":"b","875":" ","876":"b","877":"o","878":"r","879":"d","880":"e","881":"r","882":"-","883":"s","884":"o","885":"l","886":"i","887":"d","888":" ","889":"b","890":"o","891":"r","892":"d","893":"e","894":"r","895":"-","896":"b","897":"r","898":"a","899":"n","900":"d","901":"-","902":"g","903":"r","904":"a","905":"y","906":"-","907":"1","908":"\\","909":"\"","910":"\\","911":"n","912":" ","913":" ","914":" ","915":" ","916":" ","917":" ","918":">","919":"\\","920":"n","921":" ","922":" ","923":" ","924":" ","925":" ","926":" ","927":" ","928":" ","929":"<","930":"a","931":" ","932":":","933":"h","934":"r","935":"e","936":"f","937":"=","938":"\\","939":"\"","940":"u","941":"r","942":"l","943":"\\","944":"\"","945":" ","946":"c","947":"l","948":"a","949":"s","950":"s","951":"=","952":"\\","953":"\"","954":"f","955":"l","956":"e","957":"x","958":" ","959":"i","960":"t","961":"e","962":"m","963":"s","964":"-","965":"c","966":"e","967":"n","968":"t","969":"e","970":"r","971":" ","972":"h","973":"-","974":"f","975":"u","976":"l","977":"l","978":" ","979":"t","980":"e","981":"x","982":"t","983":"-","984":"x","985":"l","986":"\\","987":"\"","988":">","989":"{","990":"{","991":"\\","992":"n","993":" ","994":" ","995":" ","996":" ","997":" ","998":" ","999":" ","1000":" ","1001":" ","1002":" ","1003":"c","1004":"o","1005":"m","1006":"p","1007":"a","1008":"n","1009":"y","1010":"\\","1011":"n","1012":" ","1013":" ","1014":" ","1015":" ","1016":" ","1017":" ","1018":" ","1019":" ","1020":"}","1021":"}","1022":"<","1023":"/","1024":"a","1025":">","1026":"\\","1027":"n","1028":"\\","1029":"n","1030":" ","1031":" ","1032":" ","1033":" ","1034":" ","1035":" ","1036":" ","1037":" ","1038":"<","1039":"n","1040":"a","1041":"v","1042":" ","1043":"c","1044":"l","1045":"a","1046":"s","1047":"s","1048":"=","1049":"\\","1050":"\"","1051":"h","1052":"-","1053":"f","1054":"u","1055":"l","1056":"l","1057":" ","1058":"m","1059":"l","1060":"-","1061":"1","1062":"2","1063":"\\","1064":"\"","1065":">","1066":"\\","1067":"n","1068":" ","1069":" ","1070":" ","1071":" ","1072":" ","1073":" ","1074":" ","1075":" ","1076":" ","1077":" ","1078":"<","1079":"u","1080":"l","1081":" ","1082":"c","1083":"l","1084":"a","1085":"s","1086":"s","1087":"=","1088":"\\","1089":"\"","1090":"f","1091":"l","1092":"e","1093":"x","1094":" ","1095":"h","1096":"-","1097":"f","1098":"u","1099":"l","1100":"l","1101":" ","1102":"p","1103":"-","1104":"0","1105":" ","1106":"m","1107":"-","1108":"0","1109":" ","1110":"l","1111":"i","1112":"s","1113":"t","1114":"-","1115":"n","1116":"o","1117":"n","1118":"e","1119":"\\","1120":"\"","1121":">","1122":"\\","1123":"n","1124":" ","1125":" ","1126":" ","1127":" ","1128":" ","1129":" ","1130":" ","1131":" ","1132":" ","1133":" ","1134":" ","1135":" ","1136":"<","1137":"l","1138":"i","1139":"\\","1140":"n","1141":" ","1142":" ","1143":" ","1144":" ","1145":" ","1146":" ","1147":" ","1148":" ","1149":" ","1150":" ","1151":" ","1152":" ","1153":" ","1154":" ","1155":"v","1156":"-","1157":"f","1158":"o","1159":"r","1160":"=","1161":"\\","1162":"\"","1163":"m","1164":"e","1165":"n","1166":"u","1167":"I","1168":"t","1169":"e","1170":"m","1171":" ","1172":"i","1173":"n","1174":" ","1175":"m","1176":"e","1177":"n","1178":"u","1179":"I","1180":"t","1181":"e","1182":"m","1183":"s","1184":"\\","1185":"\"","1186":"\\","1187":"n","1188":" ","1189":" ","1190":" ","1191":" ","1192":" ","1193":" ","1194":" ","1195":" ","1196":" ","1197":" ","1198":" ","1199":" ","1200":" ","1201":" ","1202":":","1203":"k","1204":"e","1205":"y","1206":"=","1207":"\\","1208":"\"","1209":"m","1210":"e","1211":"n","1212":"u","1213":"I","1214":"t","1215":"e","1216":"m","1217":"\\","1218":"\"","1219":"\\","1220":"n","1221":" ","1222":" ","1223":" ","1224":" ","1225":" ","1226":" ","1227":" ","1228":" ","1229":" ","1230":" ","1231":" ","1232":" ","1233":" ","1234":" ","1235":"d","1236":"a","1237":"t","1238":"a","1239":"-","1240":"t","1241":"e","1242":"s","1243":"t","1244":"=","1245":"\\","1246":"\"","1247":"m","1248":"a","1249":"i","1250":"n","1251":"-","1252":"n","1253":"a","1254":"v","1255":"-","1256":"l","1257":"i","1258":"s","1259":"t","1260":"-","1261":"i","1262":"t","1263":"e","1264":"m","1265":"\\","1266":"\"","1267":"\\","1268":"n","1269":" ","1270":" ","1271":" ","1272":" ","1273":" ","1274":" ","1275":" ","1276":" ","1277":" ","1278":" ","1279":" ","1280":" ","1281":" ","1282":" ","1283":"c","1284":"l","1285":"a","1286":"s","1287":"s","1288":"=","1289":"\\","1290":"\"","1291":"h","1292":"-","1293":"f","1294":"u","1295":"l","1296":"l","1297":" ","1298":"m","1299":"l","1300":"-","1301":"9","1302":" ","1303":"f","1304":"i","1305":"r","1306":"s","1307":"t","1308":":","1309":"m","1310":"l","1311":"-","1312":"0","1313":"\\","1314":"\"","1315":"\\","1316":"n","1317":" ","1318":" ","1319":" ","1320":" ","1321":" ","1322":" ","1323":" ","1324":" ","1325":" ","1326":" ","1327":" ","1328":" ","1329":">","1330":"\\","1331":"n","1332":" ","1333":" ","1334":" ","1335":" ","1336":" ","1337":" ","1338":" ","1339":" ","1340":" ","1341":" ","1342":" ","1343":" ","1344":" ","1345":" ","1346":"<","1347":"a","1348":" ","1349":"h","1350":"r","1351":"e","1352":"f","1353":"=","1354":"\\","1355":"\"","1356":"\\","1357":"\"","1358":" ","1359":"c","1360":"l","1361":"a","1362":"s","1363":"s","1364":"=","1365":"\\","1366":"\"","1367":"f","1368":"l","1369":"e","1370":"x","1371":" ","1372":"i","1373":"t","1374":"e","1375":"m","1376":"s","1377":"-","1378":"c","1379":"e","1380":"n","1381":"t","1382":"e","1383":"r","1384":" ","1385":"h","1386":"-","1387":"f","1388":"u","1389":"l","1390":"l","1391":" ","1392":"p","1393":"y","1394":"-","1395":"2","1396":".","1397":"5","1398":"\\","1399":"\"","1400":">","1401":"{","1402":"{","1403":"\\","1404":"n","1405":" ","1406":" ","1407":" ","1408":" ","1409":" ","1410":" ","1411":" ","1412":" ","1413":" ","1414":" ","1415":" ","1416":" ","1417":" ","1418":" ","1419":" ","1420":" ","1421":"m","1422":"e","1423":"n","1424":"u","1425":"I","1426":"t","1427":"e","1428":"m","1429":"\\","1430":"n","1431":" ","1432":" ","1433":" ","1434":" ","1435":" ","1436":" ","1437":" ","1438":" ","1439":" ","1440":" ","1441":" ","1442":" ","1443":" ","1444":" ","1445":"}","1446":"}","1447":"<","1448":"/","1449":"a","1450":">","1451":"\\","1452":"n","1453":" ","1454":" ","1455":" ","1456":" ","1457":" ","1458":" ","1459":" ","1460":" ","1461":" ","1462":" ","1463":" ","1464":" ","1465":"<","1466":"/","1467":"l","1468":"i","1469":">","1470":"\\","1471":"n","1472":" ","1473":" ","1474":" ","1475":" ","1476":" ","1477":" ","1478":" ","1479":" ","1480":" ","1481":" ","1482":"<","1483":"/","1484":"u","1485":"l","1486":">","1487":"\\","1488":"n","1489":" ","1490":" ","1491":" ","1492":" ","1493":" ","1494":" ","1495":" ","1496":" ","1497":"<","1498":"/","1499":"n","1500":"a","1501":"v","1502":">","1503":"\\","1504":"n","1505":" ","1506":" ","1507":" ","1508":" ","1509":" ","1510":" ","1511":" ","1512":" ","1513":"<","1514":"d","1515":"i","1516":"v","1517":" ","1518":"c","1519":"l","1520":"a","1521":"s","1522":"s","1523":"=","1524":"\\","1525":"\"","1526":"f","1527":"l","1528":"e","1529":"x","1530":" ","1531":"i","1532":"t","1533":"e","1534":"m","1535":"s","1536":"-","1537":"c","1538":"e","1539":"n","1540":"t","1541":"e","1542":"r","1543":" ","1544":"h","1545":"-","1546":"f","1547":"u","1548":"l","1549":"l","1550":" ","1551":"m","1552":"l","1553":"-","1554":"a","1555":"u","1556":"t","1557":"o","1558":"\\","1559":"\"","1560":">","1561":"\\","1562":"n","1563":" ","1564":" ","1565":" ","1566":" ","1567":" ","1568":" ","1569":" ","1570":" ","1571":" ","1572":" ","1573":"<","1574":"P","1575":"r","1576":"o","1577":"f","1578":"i","1579":"l","1580":"e","1581":"I","1582":"m","1583":"a","1584":"g","1585":"e","1586":" ","1587":"v","1588":"-","1589":"i","1590":"f","1591":"=","1592":"\\","1593":"\"","1594":"i","1595":"s","1596":"L","1597":"o","1598":"g","1599":"g","1600":"e","1601":"d","1602":"I","1603":"n","1604":"\\","1605":"\"","1606":" ","1607":"/","1608":">","1609":"\\","1610":"n","1611":" ","1612":" ","1613":" ","1614":" ","1615":" ","1616":" ","1617":" ","1618":" ","1619":" ","1620":" ","1621":"<","1622":"A","1623":"c","1624":"t","1625":"i","1626":"o","1627":"n","1628":"B","1629":"u","1630":"t","1631":"t","1632":"o","1633":"n","1634":" ","1635":"v","1636":"-","1637":"e","1638":"l","1639":"s","1640":"e","1641":" ","1642":"t","1643":"e","1644":"x","1645":"t","1646":"=","1647":"\\","1648":"\"","1649":"S","1650":"i","1651":"g","1652":"n","1653":" ","1654":"I","1655":"n","1656":"\\","1657":"\"","1658":" ","1659":"@","1660":"c","1661":"l","1662":"i","1663":"c","1664":"k","1665":"=","1666":"\\","1667":"\"","1668":"l","1669":"o","1670":"g","1671":"i","1672":"n","1673":"U","1674":"s","1675":"e","1676":"r","1677":"\\","1678":"\"","1679":" ","1680":"/","1681":">","1682":"\\","1683":"n","1684":" ","1685":" ","1686":" ","1687":" ","1688":" ","1689":" ","1690":" ","1691":" ","1692":"<","1693":"/","1694":"d","1695":"i","1696":"v","1697":">","1698":"\\","1699":"n","1700":" ","1701":" ","1702":" ","1703":" ","1704":" ","1705":" ","1706":"<","1707":"/","1708":"d","1709":"i","1710":"v","1711":">","1712":"\\","1713":"n","1714":" ","1715":" ","1716":" ","1717":" ","1718":"<","1719":"/","1720":"d","1721":"i","1722":"v","1723":">","1724":"\\","1725":"n","1726":" ","1727":" ","1728":"<","1729":"/","1730":"h","1731":"e","1732":"a","1733":"d","1734":"e","1735":"r","1736":">","1737":"\\","1738":"n","1739":"<","1740":"/","1741":"t","1742":"e","1743":"m","1744":"p","1745":"l","1746":"a","1747":"t","1748":"e","1749":">","1750":"\\","1751":"n","1752":"\\","1753":"n","1754":"<","1755":"s","1756":"c","1757":"r","1758":"i","1759":"p","1760":"t","1761":">","1762":"\\","1763":"n","1764":"i","1765":"m","1766":"p","1767":"o","1768":"r","1769":"t","1770":" ","1771":"A","1772":"c","1773":"t","1774":"i","1775":"o","1776":"n","1777":"B","1778":"u","1779":"t","1780":"t","1781":"o","1782":"n","1783":" ","1784":"f","1785":"r","1786":"o","1787":"m","1788":" ","1789":"\\","1790":"\"","1791":"@","1792":"/","1793":"c","1794":"o","1795":"m","1796":"p","1797":"o","1798":"n","1799":"e","1800":"n","1801":"t","1802":"s","1803":"/","1804":"A","1805":"c","1806":"t","1807":"i","1808":"o","1809":"n","1810":"B","1811":"u","1812":"t","1813":"t","1814":"o","1815":"n","1816":"\\","1817":"\"","1818":";","1819":"\\","1820":"n","1821":"i","1822":"m","1823":"p","1824":"o","1825":"r","1826":"t","1827":" ","1828":"P","1829":"r","1830":"o","1831":"f","1832":"i","1833":"l","1834":"e","1835":"I","1836":"m","1837":"a","1838":"g","1839":"e","1840":" ","1841":"f","1842":"r","1843":"o","1844":"m","1845":" ","1846":"\\","1847":"\"","1848":"@","1849":"/","1850":"c","1851":"o","1852":"m","1853":"p","1854":"o","1855":"n","1856":"e","1857":"n","1858":"t","1859":"s","1860":"/","1861":"P","1862":"r","1863":"o","1864":"f","1865":"i","1866":"l","1867":"e","1868":"I","1869":"m","1870":"a","1871":"g","1872":"e","1873":"\\","1874":"\"","1875":";","1876":"\\","1877":"n","1878":"e","1879":"x","1880":"p","1881":"o","1882":"r","1883":"t","1884":" ","1885":"d","1886":"e","1887":"f","1888":"a","1889":"u","1890":"l","1891":"t","1892":" ","1893":"{","1894":"\\","1895":"n","1896":" ","1897":" ","1898":"n","1899":"a","1900":"m","1901":"e","1902":":","1903":" ","1904":"\\","1905":"\"","1906":"M","1907":"a","1908":"i","1909":"n","1910":"N","1911":"a","1912":"v","1913":"\\","1914":"\"","1915":",","1916":"\\","1917":"n","1918":" ","1919":" ","1920":"c","1921":"o","1922":"m","1923":"p","1924":"o","1925":"n","1926":"e","1927":"n","1928":"t","1929":"s","1930":":","1931":" ","1932":"{","1933":"\\","1934":"n","1935":" ","1936":" ","1937":" ","1938":" ","1939":"A","1940":"c","1941":"t","1942":"i","1943":"o","1944":"n","1945":"B","1946":"u","1947":"t","1948":"t","1949":"o","1950":"n","1951":",","1952":"\\","1953":"n","1954":" ","1955":" ","1956":" ","1957":" ","1958":"P","1959":"r","1960":"o","1961":"f","1962":"i","1963":"l","1964":"e","1965":"I","1966":"m","1967":"a","1968":"g","1969":"e","1970":",","1971":"\\","1972":"n","1973":" ","1974":" ","1975":"}","1976":",","1977":"\\","1978":"n","1979":" ","1980":" ","1981":"d","1982":"a","1983":"t","1984":"a","1985":"(","1986":")","1987":" ","1988":"{","1989":"\\","1990":"n","1991":" ","1992":" ","1993":" ","1994":" ","1995":"r","1996":"e","1997":"t","1998":"u","1999":"r","2000":"n","2001":" ","2002":"{","2003":"\\","2004":"n","2005":" ","2006":" ","2007":" ","2008":" ","2009":" ","2010":" ","2011":"c","2012":"o","2013":"m","2014":"p","2015":"a","2016":"n","2017":"y","2018":":","2019":" ","2020":"\\","2021":"\"","2022":"S","2023":"h","2024":"i","2025":"p","2026":" ","2027":"H","2028":"a","2029":"p","2030":"p","2031":"e","2032":"n","2033":"s","2034":"\\","2035":"\"","2036":",","2037":"\\","2038":"n","2039":" ","2040":" ","2041":" ","2042":" ","2043":" ","2044":" ","2045":"u","2046":"r","2047":"l","2048":":","2049":" ","2050":"\\","2051":"\"","2052":"h","2053":"t","2054":"t","2055":"p","2056":"s","2057":":","2058":"/","2059":"/","2060":"c","2061":"a","2062":"r","2063":"e","2064":"e","2065":"r","2066":"s","2067":".","2068":"g","2069":"o","2070":"o","2071":"g","2072":"l","2073":"e","2074":".","2075":"c","2076":"o","2077":"m","2078":"\\","2079":"\"","2080":",","2081":"\\","2082":"n","2083":" ","2084":" ","2085":" ","2086":" ","2087":" ","2088":" ","2089":"m","2090":"e","2091":"n","2092":"u","2093":"I","2094":"t","2095":"e","2096":"m","2097":"s","2098":":","2099":" ","2100":"[","2101":"\\","2102":"n","2103":" ","2104":" ","2105":" ","2106":" ","2107":" ","2108":" ","2109":" ","2110":" ","2111":"\\","2112":"\"","2113":"T","2114":"e","2115":"a","2116":"m","2117":"s","2118":"\\","2119":"\"","2120":",","2121":"\\","2122":"n","2123":" ","2124":" ","2125":" ","2126":" ","2127":" ","2128":" ","2129":" ","2130":" ","2131":"\\","2132":"\"","2133":"L","2134":"o","2135":"c","2136":"a","2137":"t","2138":"i","2139":"o","2140":"n","2141":"s","2142":"\\","2143":"\"","2144":",","2145":"\\","2146":"n","2147":" ","2148":" ","2149":" ","2150":" ","2151":" ","2152":" ","2153":" ","2154":" ","2155":"\\","2156":"\"","2157":"L","2158":"i","2159":"f","2160":"e","2161":" ","2162":"a","2163":"t","2164":" ","2165":"S","2166":"h","2167":"i","2168":"p","2169":" ","2170":"H","2171":"a","2172":"p","2173":"p","2174":"e","2175":"n","2176":"s","2177":"\\","2178":"\"","2179":",","2180":"\\","2181":"n","2182":" ","2183":" ","2184":" ","2185":" ","2186":" ","2187":" ","2188":" ","2189":" ","2190":"\\","2191":"\"","2192":"H","2193":"o","2194":"w","2195":" ","2196":"w","2197":"e","2198":" ","2199":"h","2200":"i","2201":"r","2202":"e","2203":"\\","2204":"\"","2205":",","2206":"\\","2207":"n","2208":" ","2209":" ","2210":" ","2211":" ","2212":" ","2213":" ","2214":" ","2215":" ","2216":"\\","2217":"\"","2218":"S","2219":"t","2220":"u","2221":"d","2222":"e","2223":"n","2224":"t","2225":"s","2226":"\\","2227":"\"","2228":",","2229":"\\","2230":"n","2231":" ","2232":" ","2233":" ","2234":" ","2235":" ","2236":" ","2237":" ","2238":" ","2239":"\\","2240":"\"","2241":"J","2242":"o","2243":"b","2244":"s","2245":"\\","2246":"\"","2247":",","2248":"\\","2249":"n","2250":" ","2251":" ","2252":" ","2253":" ","2254":" ","2255":" ","2256":"]","2257":",","2258":"\\","2259":"n","2260":" ","2261":" ","2262":" ","2263":" ","2264":" ","2265":" ","2266":"i","2267":"s","2268":"L","2269":"o","2270":"g","2271":"g","2272":"e","2273":"d","2274":"I","2275":"n","2276":":","2277":" ","2278":"f","2279":"a","2280":"l","2281":"s","2282":"e","2283":",","2284":"\\","2285":"n","2286":" ","2287":" ","2288":" ","2289":" ","2290":"}","2291":";","2292":"\\","2293":"n","2294":" ","2295":" ","2296":"}","2297":",","2298":"\\","2299":"n","2300":" ","2301":" ","2302":"m","2303":"e","2304":"t","2305":"h","2306":"o","2307":"d","2308":"s","2309":":","2310":" ","2311":"{","2312":"\\","2313":"n","2314":" ","2315":" ","2316":" ","2317":" ","2318":"l","2319":"o","2320":"g","2321":"i","2322":"n","2323":"U","2324":"s","2325":"e","2326":"r","2327":"(","2328":")","2329":" ","2330":"{","2331":"\\","2332":"n","2333":" ","2334":" ","2335":" ","2336":" ","2337":" ","2338":" ","2339":"t","2340":"h","2341":"i","2342":"s","2343":".","2344":"i","2345":"s","2346":"L","2347":"o","2348":"g","2349":"g","2350":"e","2351":"d","2352":"I","2353":"n","2354":" ","2355":"=","2356":" ","2357":"!","2358":"t","2359":"h","2360":"i","2361":"s","2362":".","2363":"i","2364":"s","2365":"L","2366":"o","2367":"g","2368":"g","2369":"e","2370":"d","2371":"I","2372":"n","2373":";","2374":"\\","2375":"n","2376":" ","2377":" ","2378":" ","2379":" ","2380":"}","2381":",","2382":"\\","2383":"n","2384":" ","2385":" ","2386":"}","2387":",","2388":"\\","2389":"n","2390":"}","2391":";","2392":"\\","2393":"n","2394":"<","2395":"/","2396":"s","2397":"c","2398":"r","2399":"i","2400":"p","2401":"t","2402":">","2403":"\\","2404":"n","2405":"\"","2406":"]","2407":"}"},"_coverageSchema":"1a1c01bbd47fc00a2c39e90264f33305004495a9","hash":"7bcdf7ca09023b9be3a2986daee2f6ef59ae2b62"}
,"/home/theplague1738/Documents/Learning/job-search/src/components/ProfileImage.vue": {"path":"/home/theplague1738/Documents/Learning/job-search/src/components/ProfileImage.vue","statementMap":{"0":{"start":{"line":4,"column":0},"end":{"line":6,"column":3}},"1":{"start":{"line":7,"column":0},"end":{"line":7,"column":25}},"2":{"start":{"line":8,"column":15},"end":{"line":15,"column":1}},"3":{"start":{"line":11,"column":4},"end":{"line":13,"column":6}},"4":{"start":{"line":18,"column":0},"end":{"line":18,"column":13}},"5":{"start":{"line":20,"column":0},"end":{"line":22,"column":3}},"6":{"start":{"line":23,"column":0},"end":{"line":23,"column":24}},"7":{"start":{"line":24,"column":11},"end":{"line":24,"column":25}},"8":{"start":{"line":25,"column":19},"end":{"line":25,"column":26}},"9":{"start":{"line":27,"column":2},"end":{"line":31,"column":38}},"10":{"start":{"line":32,"column":2},"end":{"line":32,"column":49}}},"fnMap":{"0":{"name":"(anonymous_0)","decl":{"start":{"line":10,"column":2},"end":{"line":10,"column":3}},"loc":{"start":{"line":10,"column":9},"end":{"line":14,"column":3}},"line":10},"1":{"name":"render","decl":{"start":{"line":26,"column":9},"end":{"line":26,"column":15}},"loc":{"start":{"line":26,"column":30},"end":{"line":32,"column":1}},"line":26}},"branchMap":{},"s":{"0":1,"1":1,"2":1,"3":1,"4":1,"5":1,"6":1,"7":1,"8":1,"9":1,"10":1},"f":{"0":1,"1":1},"b":{},"inputSourceMap":{"0":"{","1":"\"","2":"v","3":"e","4":"r","5":"s","6":"i","7":"o","8":"n","9":"\"","10":":","11":"3","12":",","13":"\"","14":"s","15":"o","16":"u","17":"r","18":"c","19":"e","20":"s","21":"\"","22":":","23":"[","24":"\"","25":"/","26":"h","27":"o","28":"m","29":"e","30":"/","31":"t","32":"h","33":"e","34":"p","35":"l","36":"a","37":"g","38":"u","39":"e","40":"1","41":"7","42":"3","43":"8","44":"/","45":"D","46":"o","47":"c","48":"u","49":"m","50":"e","51":"n","52":"t","53":"s","54":"/","55":"L","56":"e","57":"a","58":"r","59":"n","60":"i","61":"n","62":"g","63":"/","64":"j","65":"o","66":"b","67":"-","68":"s","69":"e","70":"a","71":"r","72":"c","73":"h","74":"/","75":"s","76":"r","77":"c","78":"/","79":"c","80":"o","81":"m","82":"p","83":"o","84":"n","85":"e","86":"n","87":"t","88":"s","89":"/","90":"P","91":"r","92":"o","93":"f","94":"i","95":"l","96":"e","97":"I","98":"m","99":"a","100":"g","101":"e","102":".","103":"v","104":"u","105":"e","106":"\"","107":"]","108":",","109":"\"","110":"n","111":"a","112":"m","113":"e","114":"s","115":"\"","116":":","117":"[","118":"]","119":",","120":"\"","121":"m","122":"a","123":"p","124":"p","125":"i","126":"n","127":"g","128":"s","129":"\"","130":":","131":"\"","132":";","133":";","134":";","135":";","136":";","137":";","138":";","139":"e","140":"A","141":"S","142":"e","143":";","144":"E","145":"A","146":"C","147":"b","148":",","149":"I","150":"A","151":"A","152":"I","153":",","154":"E","155":"A","156":"A","157":"E","158":",","159":"c","160":"A","161":"A","162":"c","163":";","164":"E","165":"A","166":"C","167":"p","168":"B","169":",","170":"I","171":"A","172":"A","173":"I","174":",","175":"G","176":"A","177":"A","178":"G","179":";","180":"I","181":"A","182":"C","183":"L","184":",","185":"O","186":"A","187":"A","188":"O","189":";","190":"M","191":"A","192":"C","193":"L","194":",","195":"S","196":"A","197":"A","198":"S","199":",","200":"E","201":"A","202":"C","203":"P","204":";","205":"I","206":"A","207":"C","208":"J","209":",","210":"C","211":"A","212":"A","213":"C","214":";","215":"E","216":"A","217":"C","218":"H","219":";","220":"A","221":"A","222":"C","223":"F","224":",","225":"C","226":"A","227":"A","228":"C","229":";","230":"A","231":"A","232":"A","233":"A","234":";","235":"A","236":"A","237":"A","238":"A","239":"\"","240":",","241":"\"","242":"f","243":"i","244":"l","245":"e","246":"\"","247":":","248":"\"","249":"/","250":"h","251":"o","252":"m","253":"e","254":"/","255":"t","256":"h","257":"e","258":"p","259":"l","260":"a","261":"g","262":"u","263":"e","264":"1","265":"7","266":"3","267":"8","268":"/","269":"D","270":"o","271":"c","272":"u","273":"m","274":"e","275":"n","276":"t","277":"s","278":"/","279":"L","280":"e","281":"a","282":"r","283":"n","284":"i","285":"n","286":"g","287":"/","288":"j","289":"o","290":"b","291":"-","292":"s","293":"e","294":"a","295":"r","296":"c","297":"h","298":"/","299":"s","300":"r","301":"c","302":"/","303":"c","304":"o","305":"m","306":"p","307":"o","308":"n","309":"e","310":"n","311":"t","312":"s","313":"/","314":"P","315":"r","316":"o","317":"f","318":"i","319":"l","320":"e","321":"I","322":"m","323":"a","324":"g","325":"e","326":".","327":"v","328":"u","329":"e","330":"\"","331":",","332":"\"","333":"s","334":"o","335":"u","336":"r","337":"c","338":"e","339":"s","340":"C","341":"o","342":"n","343":"t","344":"e","345":"n","346":"t","347":"\"","348":":","349":"[","350":"\"","351":"<","352":"t","353":"e","354":"m","355":"p","356":"l","357":"a","358":"t","359":"e","360":">","361":"\\","362":"n","363":" ","364":" ","365":"<","366":"i","367":"m","368":"g","369":"\\","370":"n","371":" ","372":" ","373":" ","374":" ","375":"d","376":"a","377":"t","378":"a","379":"-","380":"t","381":"e","382":"s","383":"t","384":"=","385":"\\","386":"\"","387":"p","388":"r","389":"o","390":"f","391":"i","392":"l","393":"e","394":"-","395":"i","396":"m","397":"a","398":"g","399":"e","400":"\\","401":"\"","402":"\\","403":"n","404":" ","405":" ","406":" ","407":" ","408":":","409":"s","410":"r","411":"c","412":"=","413":"\\","414":"\"","415":"i","416":"m","417":"a","418":"g","419":"e","420":"L","421":"i","422":"n","423":"k","424":"\\","425":"\"","426":"\\","427":"n","428":" ","429":" ","430":" ","431":" ","432":"c","433":"l","434":"a","435":"s","436":"s","437":"=","438":"\\","439":"\"","440":"w","441":"-","442":"8","443":" ","444":"h","445":"-","446":"8","447":" ","448":"o","449":"b","450":"j","451":"e","452":"c","453":"t","454":"-","455":"c","456":"o","457":"n","458":"t","459":"a","460":"i","461":"n","462":" ","463":"r","464":"o","465":"u","466":"n","467":"d","468":"e","469":"d","470":"-","471":"3","472":"x","473":"l","474":"\\","475":"\"","476":"\\","477":"n","478":" ","479":" ","480":"/","481":">","482":"\\","483":"n","484":"<","485":"/","486":"t","487":"e","488":"m","489":"p","490":"l","491":"a","492":"t","493":"e","494":">","495":"\\","496":"n","497":"\\","498":"n","499":"<","500":"s","501":"c","502":"r","503":"i","504":"p","505":"t","506":">","507":"\\","508":"n","509":"e","510":"x","511":"p","512":"o","513":"r","514":"t","515":" ","516":"d","517":"e","518":"f","519":"a","520":"u","521":"l","522":"t","523":" ","524":"{","525":"\\","526":"n","527":" ","528":" ","529":"n","530":"a","531":"m","532":"e","533":":","534":" ","535":"\\","536":"\"","537":"P","538":"r","539":"o","540":"f","541":"i","542":"l","543":"e","544":"I","545":"m","546":"a","547":"g","548":"e","549":"\\","550":"\"","551":",","552":"\\","553":"n","554":" ","555":" ","556":"d","557":"a","558":"t","559":"a","560":"(","561":")","562":" ","563":"{","564":"\\","565":"n","566":" ","567":" ","568":" ","569":" ","570":"r","571":"e","572":"t","573":"u","574":"r","575":"n","576":" ","577":"{","578":"\\","579":"n","580":" ","581":" ","582":" ","583":" ","584":" ","585":" ","586":"i","587":"m","588":"a","589":"g","590":"e","591":"L","592":"i","593":"n","594":"k","595":":","596":"\\","597":"n","598":" ","599":" ","600":" ","601":" ","602":" ","603":" ","604":" ","605":" ","606":"\\","607":"\"","608":"h","609":"t","610":"t","611":"p","612":"s","613":":","614":"/","615":"/","616":"w","617":"w","618":"w","619":".","620":"p","621":"n","622":"g","623":"i","624":"t","625":"e","626":"m","627":".","628":"c","629":"o","630":"m","631":"/","632":"p","633":"i","634":"m","635":"g","636":"s","637":"/","638":"m","639":"/","640":"4","641":"8","642":"7","643":"-","644":"4","645":"8","646":"7","647":"6","648":"4","649":"1","650":"7","651":"_","652":"l","653":"i","654":"n","655":"k","656":"-","657":"h","658":"e","659":"a","660":"d","661":"-","662":"p","663":"n","664":"g","665":"-","666":"t","667":"o","668":"o","669":"n","670":"-","671":"l","672":"i","673":"n","674":"k","675":"-","676":"f","677":"a","678":"c","679":"e","680":"-","681":"p","682":"n","683":"g","684":"-","685":"t","686":"r","687":"a","688":"n","689":"s","690":"p","691":"a","692":"r","693":"e","694":"n","695":"t","696":".","697":"p","698":"n","699":"g","700":"\\","701":"\"","702":",","703":"\\","704":"n","705":" ","706":" ","707":" ","708":" ","709":"}","710":";","711":"\\","712":"n","713":" ","714":" ","715":"}","716":",","717":"\\","718":"n","719":"}","720":";","721":"\\","722":"n","723":"<","724":"/","725":"s","726":"c","727":"r","728":"i","729":"p","730":"t","731":">","732":"\\","733":"n","734":"\"","735":"]","736":"}"},"_coverageSchema":"1a1c01bbd47fc00a2c39e90264f33305004495a9","hash":"b4bbcd15d21be6e827b25413e2d07e6a3ba47d51"}
}
