TN:
SF:src/components/JobResults/JobListing.vue
FN:17,(anonymous_0)
FN:58,render
FN:64,(anonymous_2)
FN:64,(anonymous_3)
FN:69,(anonymous_4)
FN:77,(anonymous_5)
FNF:6
FNH:6
FNDA:5,(anonymous_0)
FNDA:5,render
FNDA:5,(anonymous_2)
FNDA:2,(anonymous_3)
FNDA:2,(anonymous_4)
FNDA:5,(anonymous_5)
DA:4,1
DA:7,1
DA:8,1
DA:18,5
DA:24,1
DA:26,1
DA:29,1
DA:30,1
DA:31,1
DA:34,1
DA:37,1
DA:40,1
DA:43,1
DA:46,1
DA:49,1
DA:52,1
DA:55,1
DA:59,5
DA:60,5
DA:64,5
DA:65,2
DA:70,2
DA:77,5
DA:82,1
LF:24
LH:24
BRF:0
BRH:0
end_of_record
TN:
SF:src/components/JobSearch/Headline.vue
FN:75,render
FNF:1
FNH:1
FNDA:7,render
DA:4,1
DA:5,1
DA:8,1
DA:56,1
DA:58,1
DA:61,1
DA:62,1
DA:63,1
DA:66,1
DA:70,1
DA:71,1
DA:76,7
DA:79,1
LF:13
LH:13
BRF:0
BRH:0
end_of_record
TN:
SF:src/components/JobSearch/JobSearchForm.vue
FN:79,render
FN:86,(anonymous_1)
FN:94,(anonymous_2)
FN:99,(anonymous_3)
FNF:4
FNH:4
FNDA:3,render
FNDA:1,(anonymous_1)
FNDA:1,(anonymous_2)
FNDA:1,(anonymous_3)
DA:4,1
DA:5,1
DA:8,1
DA:9,1
DA:51,1
DA:53,1
DA:56,1
DA:57,1
DA:58,1
DA:61,1
DA:64,1
DA:68,1
DA:71,1
DA:74,1
DA:80,3
DA:81,3
DA:82,3
DA:83,3
DA:87,1
DA:94,1
DA:99,1
DA:108,1
LF:22
LH:22
BRDA:86,0,0,3
BRDA:86,0,1,1
BRDA:87,1,0,1
BRDA:87,1,1,1
BRDA:94,2,0,3
BRDA:94,2,1,1
BRDA:99,3,0,3
BRDA:99,3,1,1
BRF:8
BRH:8
end_of_record
TN:
SF:src/components/Navigation/MainNav.vue
FN:101,render
FN:114,(anonymous_1)
FN:116,(anonymous_2)
FN:125,(anonymous_3)
FNF:4
FNH:4
FNDA:7,render
FNDA:5,(anonymous_1)
FNDA:42,(anonymous_2)
FNDA:42,(anonymous_3)
DA:4,1
DA:5,1
DA:8,1
DA:79,1
DA:81,1
DA:84,1
DA:85,1
DA:86,1
DA:89,1
DA:92,1
DA:95,1
DA:98,1
DA:102,7
DA:103,7
DA:104,7
DA:105,7
DA:106,7
DA:114,5
DA:117,42
DA:125,42
DA:141,1
LF:21
LH:21
BRDA:129,0,0,2
BRDA:129,0,1,5
BRDA:137,1,0,2
BRDA:137,1,1,5
BRF:4
BRH:4
end_of_record
TN:
SF:src/components/Navigation/ProfileImage.vue
FN:10,(anonymous_0)
FN:26,render
FNF:2
FNH:2
FNDA:1,(anonymous_0)
FNDA:1,render
DA:4,2
DA:7,2
DA:8,2
DA:11,1
DA:18,2
DA:20,2
DA:23,2
DA:24,2
DA:25,2
DA:27,1
DA:31,2
LF:11
LH:11
BRF:0
BRH:0
end_of_record
TN:
SF:src/components/Navigation/SubNav.vue
FN:11,(anonymous_0)
FN:39,render
FNF:2
FNH:2
FNDA:2,(anonymous_0)
FNDA:2,render
DA:4,2
DA:7,2
DA:8,2
DA:12,2
DA:18,2
DA:20,2
DA:23,2
DA:24,2
DA:25,2
DA:28,2
DA:31,2
DA:35,2
DA:40,2
DA:41,2
DA:45,2
LF:15
LH:15
BRDA:41,0,0,1
BRDA:41,0,1,1
BRF:2
BRH:2
end_of_record
TN:
SF:src/components/Shared/ActionButton.vue
FN:19,(anonymous_0)
FN:25,(anonymous_1)
FN:41,render
FNF:3
FNH:3
FNDA:8,(anonymous_0)
FNDA:3,(anonymous_1)
FNDA:3,render
DA:4,3
DA:7,3
DA:8,3
DA:20,8
DA:26,3
DA:34,3
DA:36,3
DA:39,3
DA:40,3
DA:42,3
DA:45,3
LF:11
LH:11
BRF:0
BRH:0
end_of_record
TN:
SF:src/components/Shared/TextInput.vue
FN:23,(anonymous_0)
FN:38,render
FN:44,(anonymous_2)
FNF:3
FNH:3
FNDA:5,(anonymous_0)
FNDA:5,render
FNDA:5,(anonymous_2)
DA:4,2
DA:7,2
DA:8,2
DA:24,5
DA:30,2
DA:32,2
DA:35,2
DA:36,2
DA:37,2
DA:39,5
DA:45,5
DA:48,2
LF:12
LH:12
BRDA:44,0,0,5
BRDA:44,0,1,3
BRDA:45,1,0,5
BRDA:45,1,1,5
BRF:4
BRH:4
end_of_record
TN:
SF:src/utils/createConfigStub.js
FN:4,(anonymous_0)
FNF:1
FNH:1
FNDA:5,(anonymous_0)
DA:4,5
LF:1
LH:1
BRF:0
BRH:0
end_of_record
TN:
SF:src/utils/jobListingStub.js
FN:5,(anonymous_0)
FNF:1
FNH:1
FNDA:5,(anonymous_0)
DA:5,5
LF:1
LH:1
BRF:0
BRH:0
end_of_record
TN:
SF:src/utils/nextElementInList.js
FN:1,(anonymous_0)
FNF:1
FNH:1
FNDA:5,(anonymous_0)
DA:1,2
DA:2,5
DA:3,5
DA:4,5
DA:5,5
LF:5
LH:5
BRF:0
BRH:0
end_of_record
TN:
SF:src/utils/subNavConfig.js
FN:2,(anonymous_0)
FNF:1
FNH:1
FNDA:2,(anonymous_0)
DA:2,2
LF:1
LH:1
BRF:0
BRH:0
end_of_record
