TN:
SF:src/components/ActionButton.vue
FN:19,(anonymous_0)
FN:25,(anonymous_1)
FN:41,render
FNF:3
FNH:3
FNDA:7,(anonymous_0)
FNDA:2,(anonymous_1)
FNDA:2,render
DA:4,2
DA:7,2
DA:8,2
DA:20,7
DA:26,2
DA:34,2
DA:36,2
DA:39,2
DA:40,2
DA:42,2
DA:45,2
LF:11
LH:11
BRF:0
BRH:0
end_of_record
TN:
SF:src/components/MainNav.vue
FN:84,render
FN:91,(anonymous_1)
FNF:2
FNH:2
FNDA:7,render
FNDA:42,(anonymous_1)
DA:4,1
DA:5,1
DA:8,1
DA:54,1
DA:56,1
DA:59,1
DA:60,1
DA:61,1
DA:64,1
DA:67,1
DA:70,1
DA:71,1
DA:74,1
DA:77,1
DA:81,1
DA:85,7
DA:86,7
DA:87,7
DA:88,7
DA:92,42
DA:109,1
LF:21
LH:21
BRDA:97,0,0,2
BRDA:97,0,1,5
BRDA:105,1,0,2
BRDA:105,1,1,5
BRF:4
BRH:4
end_of_record
TN:
SF:src/components/ProfileImage.vue
FN:10,(anonymous_0)
FN:26,render
FNF:2
FNH:2
FNDA:1,(anonymous_0)
FNDA:1,render
DA:4,2
DA:7,2
DA:8,2
DA:11,1
DA:18,2
DA:20,2
DA:23,2
DA:24,2
DA:25,2
DA:27,1
DA:31,2
LF:11
LH:11
BRF:0
BRH:0
end_of_record
TN:
SF:src/components/SubNav.vue
FN:10,(anonymous_0)
FN:39,render
FNF:2
FNH:2
FNDA:2,(anonymous_0)
FNDA:2,render
DA:4,2
DA:7,2
DA:8,2
DA:11,2
DA:18,2
DA:20,2
DA:23,2
DA:24,2
DA:25,2
DA:28,2
DA:31,2
DA:35,2
DA:40,2
DA:41,2
DA:45,2
LF:15
LH:15
BRDA:41,0,0,1
BRDA:41,0,1,1
BRF:2
BRH:2
end_of_record
